[2025-07-19T14:57:33.200+0000] {taskinstance.py:1956} INFO - Dependencies all met for dep_context=non-requeueable deps ti=<TaskInstance: build_ml_features.validate_features manual__2025-07-19T14:57:27.325710+00:00 [queued]>
[2025-07-19T14:57:33.202+0000] {taskinstance.py:1956} INFO - Dependencies all met for dep_context=requeueable deps ti=<TaskInstance: build_ml_features.validate_features manual__2025-07-19T14:57:27.325710+00:00 [queued]>
[2025-07-19T14:57:33.203+0000] {taskinstance.py:2170} INFO - Starting attempt 1 of 2
[2025-07-19T14:57:33.207+0000] {taskinstance.py:2191} INFO - Executing <Task(_PythonDecoratedOperator): validate_features> on 2025-07-19 14:57:27.325710+00:00
[2025-07-19T14:57:33.211+0000] {standard_task_runner.py:60} INFO - Started process 493 to run task
[2025-07-19T14:57:33.213+0000] {standard_task_runner.py:87} INFO - Running: ['***', 'tasks', 'run', 'build_ml_features', 'validate_features', 'manual__2025-07-19T14:57:27.325710+00:00', '--job-id', '140', '--raw', '--subdir', 'DAGS_FOLDER/build_ml_features_dag.py', '--cfg-path', '/tmp/tmppj5ode5_']
[2025-07-19T14:57:33.213+0000] {standard_task_runner.py:88} INFO - Job 140: Subtask validate_features
[2025-07-19T14:57:33.230+0000] {task_command.py:423} INFO - Running <TaskInstance: build_ml_features.validate_features manual__2025-07-19T14:57:27.325710+00:00 [running]> on host 78a06dccabbd
[2025-07-19T14:57:33.262+0000] {taskinstance.py:2480} INFO - Exporting env vars: AIRFLOW_CTX_DAG_OWNER='data-platform' AIRFLOW_CTX_DAG_ID='build_ml_features' AIRFLOW_CTX_TASK_ID='validate_features' AIRFLOW_CTX_EXECUTION_DATE='2025-07-19T14:57:27.325710+00:00' AIRFLOW_CTX_TRY_NUMBER='1' AIRFLOW_CTX_DAG_RUN_ID='manual__2025-07-19T14:57:27.325710+00:00'
[2025-07-19T14:57:33.284+0000] {file_data_context.py:222} INFO - FileDataContext loading fluent config
[2025-07-19T14:57:33.288+0000] {config.py:187} INFO - Loading 'datasources' ->
[{'assets': [...], 'name': 'local_pandas', 'type': 'pandas'}]
[2025-07-19T14:57:33.289+0000] {fluent_base_model.py:276} INFO - _PandasDataAsset.dict() - missing `config_provider`, skipping config substitution
[2025-07-19T14:57:33.289+0000] {fluent_base_model.py:276} INFO - _PandasDataAsset.dict() - missing `config_provider`, skipping config substitution
[2025-07-19T14:57:33.302+0000] {abstract_data_context.py:5515} INFO - Loaded 'local_pandas' from fluent config
[2025-07-19T14:57:33.304+0000] {file_data_context.py:174} INFO - Saving 1 Fluent Datasources to /opt/***/gx/great_expectations.yml
[2025-07-19T14:57:33.305+0000] {fluent_base_model.py:276} INFO - DataFrameAsset.dict() - missing `config_provider`, skipping config substitution
[2025-07-19T14:57:33.306+0000] {fluent_base_model.py:276} INFO - DataFrameAsset.dict() - missing `config_provider`, skipping config substitution
[2025-07-19T14:57:33.306+0000] {fluent_base_model.py:276} INFO - PandasDatasource.dict() - missing `config_provider`, skipping config substitution
[2025-07-19T14:57:33.350+0000] {warnings.py:109} WARNING - /home/***/.local/lib/python3.8/site-packages/great_expectations/expectations/expectation.py:1518: UserWarning: `result_format` configured at the Validator-level will not be persisted. Please add the configuration to your Checkpoint config or checkpoint_run() method instead.
  warnings.warn(

[2025-07-19T14:57:33.357+0000] {logging_mixin.py:188} WARNING - Calculating Metrics:   0%|          | 0/6 [00:00<?, ?it/s]
[2025-07-19T14:57:33.358+0000] {logging_mixin.py:188} WARNING - Calculating Metrics:   0%|          | 0/6 [00:00<?, ?it/s]
[2025-07-19T14:57:33.358+0000] {logging_mixin.py:188} WARNING - Calculating Metrics:  33%|###3      | 2/6 [00:00<00:00, 4317.35it/s]
[2025-07-19T14:57:33.359+0000] {logging_mixin.py:188} WARNING - Calculating Metrics:  33%|###3      | 2/6 [00:00<00:00, 1568.84it/s]
[2025-07-19T14:57:33.359+0000] {logging_mixin.py:188} WARNING - Calculating Metrics:  50%|#####     | 3/6 [00:00<00:00, 2027.21it/s]
[2025-07-19T14:57:33.360+0000] {logging_mixin.py:188} WARNING - Calculating Metrics:  50%|#####     | 3/6 [00:00<00:00, 1363.71it/s]
[2025-07-19T14:57:33.361+0000] {logging_mixin.py:188} WARNING - Calculating Metrics:  67%|######6   | 4/6 [00:00<00:00, 1378.80it/s]
[2025-07-19T14:57:33.361+0000] {logging_mixin.py:188} WARNING - Calculating Metrics:  67%|######6   | 4/6 [00:00<00:00, 1127.80it/s]
[2025-07-19T14:57:33.362+0000] {logging_mixin.py:188} WARNING - Calculating Metrics: 100%|##########| 6/6 [00:00<00:00, 1308.68it/s]
[2025-07-19T14:57:33.363+0000] {logging_mixin.py:188} WARNING - Calculating Metrics: 100%|##########| 6/6 [00:00<00:00, 1172.25it/s]
[2025-07-19T14:57:33.363+0000] {logging_mixin.py:188} WARNING - Calculating Metrics: 100%|##########| 6/6 [00:00<00:00, 1131.96it/s]
[2025-07-19T14:57:33.363+0000] {logging_mixin.py:188} WARNING - Calculating Metrics: 100%|##########| 6/6 [00:00<00:00, 1099.09it/s]
[2025-07-19T14:57:33.364+0000] {warnings.py:109} WARNING - /home/***/.local/lib/python3.8/site-packages/great_expectations/expectations/expectation.py:1518: UserWarning: `result_format` configured at the Validator-level will not be persisted. Please add the configuration to your Checkpoint config or checkpoint_run() method instead.
  warnings.warn(

[2025-07-19T14:57:33.368+0000] {logging_mixin.py:188} WARNING - Calculating Metrics:   0%|          | 0/6 [00:00<?, ?it/s]
[2025-07-19T14:57:33.368+0000] {logging_mixin.py:188} WARNING - Calculating Metrics:   0%|          | 0/6 [00:00<?, ?it/s]
[2025-07-19T14:57:33.368+0000] {logging_mixin.py:188} WARNING - Calculating Metrics:  33%|###3      | 2/6 [00:00<00:00, 6065.52it/s]
[2025-07-19T14:57:33.369+0000] {logging_mixin.py:188} WARNING - Calculating Metrics:  33%|###3      | 2/6 [00:00<00:00, 1787.47it/s]
[2025-07-19T14:57:33.369+0000] {logging_mixin.py:188} WARNING - Calculating Metrics:  50%|#####     | 3/6 [00:00<00:00, 2307.10it/s]
[2025-07-19T14:57:33.370+0000] {logging_mixin.py:188} WARNING - Calculating Metrics:  50%|#####     | 3/6 [00:00<00:00, 1492.63it/s]
[2025-07-19T14:57:33.370+0000] {logging_mixin.py:188} WARNING - Calculating Metrics:  67%|######6   | 4/6 [00:00<00:00, 1609.02it/s]
[2025-07-19T14:57:33.371+0000] {logging_mixin.py:188} WARNING - Calculating Metrics:  67%|######6   | 4/6 [00:00<00:00, 1275.54it/s]
[2025-07-19T14:57:33.372+0000] {logging_mixin.py:188} WARNING - Calculating Metrics: 100%|##########| 6/6 [00:00<00:00, 1562.51it/s]
[2025-07-19T14:57:33.372+0000] {logging_mixin.py:188} WARNING - Calculating Metrics: 100%|##########| 6/6 [00:00<00:00, 1439.69it/s]
[2025-07-19T14:57:33.372+0000] {logging_mixin.py:188} WARNING - Calculating Metrics: 100%|##########| 6/6 [00:00<00:00, 1402.00it/s]
[2025-07-19T14:57:33.372+0000] {logging_mixin.py:188} WARNING - Calculating Metrics: 100%|##########| 6/6 [00:00<00:00, 1371.21it/s]
[2025-07-19T14:57:33.373+0000] {warnings.py:109} WARNING - /home/***/.local/lib/python3.8/site-packages/great_expectations/expectations/expectation.py:1518: UserWarning: `result_format` configured at the Validator-level will not be persisted. Please add the configuration to your Checkpoint config or checkpoint_run() method instead.
  warnings.warn(

[2025-07-19T14:57:33.376+0000] {logging_mixin.py:188} WARNING - Calculating Metrics:   0%|          | 0/6 [00:00<?, ?it/s]
[2025-07-19T14:57:33.376+0000] {logging_mixin.py:188} WARNING - Calculating Metrics:   0%|          | 0/6 [00:00<?, ?it/s]
[2025-07-19T14:57:33.377+0000] {logging_mixin.py:188} WARNING - Calculating Metrics:  33%|###3      | 2/6 [00:00<00:00, 6021.97it/s]
[2025-07-19T14:57:33.378+0000] {logging_mixin.py:188} WARNING - Calculating Metrics:  33%|###3      | 2/6 [00:00<00:00, 1669.71it/s]
[2025-07-19T14:57:33.378+0000] {logging_mixin.py:188} WARNING - Calculating Metrics:  50%|#####     | 3/6 [00:00<00:00, 2175.09it/s]
[2025-07-19T14:57:33.379+0000] {logging_mixin.py:188} WARNING - Calculating Metrics:  50%|#####     | 3/6 [00:00<00:00, 1367.71it/s]
[2025-07-19T14:57:33.379+0000] {logging_mixin.py:188} WARNING - Calculating Metrics:  67%|######6   | 4/6 [00:00<00:00, 1575.62it/s]
[2025-07-19T14:57:33.380+0000] {logging_mixin.py:188} WARNING - Calculating Metrics:  67%|######6   | 4/6 [00:00<00:00, 1245.99it/s]
[2025-07-19T14:57:33.380+0000] {logging_mixin.py:188} WARNING - Calculating Metrics: 100%|##########| 6/6 [00:00<00:00, 1544.20it/s]
[2025-07-19T14:57:33.381+0000] {logging_mixin.py:188} WARNING - Calculating Metrics: 100%|##########| 6/6 [00:00<00:00, 1412.86it/s]
[2025-07-19T14:57:33.381+0000] {logging_mixin.py:188} WARNING - Calculating Metrics: 100%|##########| 6/6 [00:00<00:00, 1369.72it/s]
[2025-07-19T14:57:33.381+0000] {logging_mixin.py:188} WARNING - Calculating Metrics: 100%|##########| 6/6 [00:00<00:00, 1331.31it/s]
[2025-07-19T14:57:33.382+0000] {warnings.py:109} WARNING - /home/***/.local/lib/python3.8/site-packages/great_expectations/expectations/expectation.py:1518: UserWarning: `result_format` configured at the Validator-level will not be persisted. Please add the configuration to your Checkpoint config or checkpoint_run() method instead.
  warnings.warn(

[2025-07-19T14:57:33.385+0000] {logging_mixin.py:188} WARNING - Calculating Metrics:   0%|          | 0/6 [00:00<?, ?it/s]
[2025-07-19T14:57:33.385+0000] {logging_mixin.py:188} WARNING - Calculating Metrics:   0%|          | 0/6 [00:00<?, ?it/s]
[2025-07-19T14:57:33.386+0000] {logging_mixin.py:188} WARNING - Calculating Metrics:  33%|###3      | 2/6 [00:00<00:00, 6163.56it/s]
[2025-07-19T14:57:33.386+0000] {logging_mixin.py:188} WARNING - Calculating Metrics:  33%|###3      | 2/6 [00:00<00:00, 1828.38it/s]
[2025-07-19T14:57:33.387+0000] {logging_mixin.py:188} WARNING - Calculating Metrics:  50%|#####     | 3/6 [00:00<00:00, 2258.24it/s]
[2025-07-19T14:57:33.388+0000] {logging_mixin.py:188} WARNING - Calculating Metrics:  50%|#####     | 3/6 [00:00<00:00, 1345.91it/s]
[2025-07-19T14:57:33.388+0000] {logging_mixin.py:188} WARNING - Calculating Metrics:  67%|######6   | 4/6 [00:00<00:00, 1565.77it/s]
[2025-07-19T14:57:33.388+0000] {logging_mixin.py:188} WARNING - Calculating Metrics:  67%|######6   | 4/6 [00:00<00:00, 1283.64it/s]
[2025-07-19T14:57:33.389+0000] {logging_mixin.py:188} WARNING - Calculating Metrics: 100%|##########| 6/6 [00:00<00:00, 1636.38it/s]
[2025-07-19T14:57:33.389+0000] {logging_mixin.py:188} WARNING - Calculating Metrics: 100%|##########| 6/6 [00:00<00:00, 1518.21it/s]
[2025-07-19T14:57:33.389+0000] {logging_mixin.py:188} WARNING - Calculating Metrics: 100%|##########| 6/6 [00:00<00:00, 1482.78it/s]
[2025-07-19T14:57:33.390+0000] {logging_mixin.py:188} WARNING - Calculating Metrics: 100%|##########| 6/6 [00:00<00:00, 1446.98it/s]
[2025-07-19T14:57:33.390+0000] {warnings.py:109} WARNING - /home/***/.local/lib/python3.8/site-packages/great_expectations/expectations/expectation.py:1518: UserWarning: `result_format` configured at the Validator-level will not be persisted. Please add the configuration to your Checkpoint config or checkpoint_run() method instead.
  warnings.warn(

[2025-07-19T14:57:33.393+0000] {logging_mixin.py:188} WARNING - Calculating Metrics:   0%|          | 0/6 [00:00<?, ?it/s]
[2025-07-19T14:57:33.394+0000] {logging_mixin.py:188} WARNING - Calculating Metrics:   0%|          | 0/6 [00:00<?, ?it/s]
[2025-07-19T14:57:33.394+0000] {logging_mixin.py:188} WARNING - Calculating Metrics:  33%|###3      | 2/6 [00:00<00:00, 7774.43it/s]
[2025-07-19T14:57:33.395+0000] {logging_mixin.py:188} WARNING - Calculating Metrics:  33%|###3      | 2/6 [00:00<00:00, 1639.04it/s]
[2025-07-19T14:57:33.395+0000] {logging_mixin.py:188} WARNING - Calculating Metrics:  50%|#####     | 3/6 [00:00<00:00, 2174.72it/s]
[2025-07-19T14:57:33.396+0000] {logging_mixin.py:188} WARNING - Calculating Metrics:  50%|#####     | 3/6 [00:00<00:00, 1486.99it/s]
[2025-07-19T14:57:33.396+0000] {logging_mixin.py:188} WARNING - Calculating Metrics:  67%|######6   | 4/6 [00:00<00:00, 1724.99it/s]
[2025-07-19T14:57:33.396+0000] {logging_mixin.py:188} WARNING - Calculating Metrics:  67%|######6   | 4/6 [00:00<00:00, 1341.10it/s]
[2025-07-19T14:57:33.397+0000] {logging_mixin.py:188} WARNING - Calculating Metrics: 100%|##########| 6/6 [00:00<00:00, 1685.70it/s]
[2025-07-19T14:57:33.397+0000] {logging_mixin.py:188} WARNING - Calculating Metrics: 100%|##########| 6/6 [00:00<00:00, 1559.32it/s]
[2025-07-19T14:57:33.397+0000] {logging_mixin.py:188} WARNING - Calculating Metrics: 100%|##########| 6/6 [00:00<00:00, 1508.20it/s]
[2025-07-19T14:57:33.398+0000] {logging_mixin.py:188} WARNING - Calculating Metrics: 100%|##########| 6/6 [00:00<00:00, 1472.12it/s]
[2025-07-19T14:57:33.398+0000] {warnings.py:109} WARNING - /home/***/.local/lib/python3.8/site-packages/great_expectations/expectations/expectation.py:1518: UserWarning: `result_format` configured at the Validator-level will not be persisted. Please add the configuration to your Checkpoint config or checkpoint_run() method instead.
  warnings.warn(

[2025-07-19T14:57:33.404+0000] {logging_mixin.py:188} WARNING - Calculating Metrics:   0%|          | 0/8 [00:00<?, ?it/s]
[2025-07-19T14:57:33.404+0000] {logging_mixin.py:188} WARNING - Calculating Metrics:   0%|          | 0/8 [00:00<?, ?it/s]
[2025-07-19T14:57:33.405+0000] {logging_mixin.py:188} WARNING - Calculating Metrics:  25%|##5       | 2/8 [00:00<00:00, 7339.11it/s]
[2025-07-19T14:57:33.406+0000] {logging_mixin.py:188} WARNING - Calculating Metrics:  25%|##5       | 2/8 [00:00<00:00, 1225.51it/s]
[2025-07-19T14:57:33.406+0000] {logging_mixin.py:188} WARNING - Calculating Metrics:  38%|###7      | 3/8 [00:00<00:00, 1663.97it/s]
[2025-07-19T14:57:33.407+0000] {logging_mixin.py:188} WARNING - Calculating Metrics:  38%|###7      | 3/8 [00:00<00:00, 967.69it/s] 
[2025-07-19T14:57:33.408+0000] {logging_mixin.py:188} WARNING - Calculating Metrics:  62%|######2   | 5/8 [00:00<00:00, 1244.90it/s]
[2025-07-19T14:57:33.409+0000] {logging_mixin.py:188} WARNING - Calculating Metrics:  62%|######2   | 5/8 [00:00<00:00, 987.59it/s] 
[2025-07-19T14:57:33.410+0000] {logging_mixin.py:188} WARNING - Calculating Metrics: 100%|##########| 8/8 [00:00<00:00, 1334.81it/s]
[2025-07-19T14:57:33.411+0000] {logging_mixin.py:188} WARNING - Calculating Metrics: 100%|##########| 8/8 [00:00<00:00, 1230.45it/s]
[2025-07-19T14:57:33.411+0000] {logging_mixin.py:188} WARNING - Calculating Metrics: 100%|##########| 8/8 [00:00<00:00, 1212.58it/s]
[2025-07-19T14:57:33.411+0000] {logging_mixin.py:188} WARNING - Calculating Metrics: 100%|##########| 8/8 [00:00<00:00, 1194.70it/s]
[2025-07-19T14:57:33.412+0000] {warnings.py:109} WARNING - /home/***/.local/lib/python3.8/site-packages/great_expectations/expectations/expectation.py:1518: UserWarning: `result_format` configured at the Validator-level will not be persisted. Please add the configuration to your Checkpoint config or checkpoint_run() method instead.
  warnings.warn(

[2025-07-19T14:57:33.417+0000] {logging_mixin.py:188} WARNING - Calculating Metrics:   0%|          | 0/8 [00:00<?, ?it/s]
[2025-07-19T14:57:33.417+0000] {logging_mixin.py:188} WARNING - Calculating Metrics:   0%|          | 0/8 [00:00<?, ?it/s]
[2025-07-19T14:57:33.418+0000] {logging_mixin.py:188} WARNING - Calculating Metrics:  25%|##5       | 2/8 [00:00<00:00, 7523.42it/s]
[2025-07-19T14:57:33.419+0000] {logging_mixin.py:188} WARNING - Calculating Metrics:  25%|##5       | 2/8 [00:00<00:00, 1305.82it/s]
[2025-07-19T14:57:33.419+0000] {logging_mixin.py:188} WARNING - Calculating Metrics:  38%|###7      | 3/8 [00:00<00:00, 1771.74it/s]
[2025-07-19T14:57:33.420+0000] {logging_mixin.py:188} WARNING - Calculating Metrics:  38%|###7      | 3/8 [00:00<00:00, 1027.51it/s]
[2025-07-19T14:57:33.421+0000] {logging_mixin.py:188} WARNING - Calculating Metrics:  62%|######2   | 5/8 [00:00<00:00, 1345.36it/s]
[2025-07-19T14:57:33.422+0000] {logging_mixin.py:188} WARNING - Calculating Metrics:  62%|######2   | 5/8 [00:00<00:00, 1072.99it/s]
[2025-07-19T14:57:33.423+0000] {logging_mixin.py:188} WARNING - Calculating Metrics: 100%|##########| 8/8 [00:00<00:00, 1453.33it/s]
[2025-07-19T14:57:33.423+0000] {logging_mixin.py:188} WARNING - Calculating Metrics: 100%|##########| 8/8 [00:00<00:00, 1341.91it/s]
[2025-07-19T14:57:33.423+0000] {logging_mixin.py:188} WARNING - Calculating Metrics: 100%|##########| 8/8 [00:00<00:00, 1320.21it/s]
[2025-07-19T14:57:33.424+0000] {logging_mixin.py:188} WARNING - Calculating Metrics: 100%|##########| 8/8 [00:00<00:00, 1292.10it/s]
[2025-07-19T14:57:33.425+0000] {warnings.py:109} WARNING - /home/***/.local/lib/python3.8/site-packages/great_expectations/expectations/expectation.py:1518: UserWarning: `result_format` configured at the Validator-level will not be persisted. Please add the configuration to your Checkpoint config or checkpoint_run() method instead.
  warnings.warn(

[2025-07-19T14:57:33.428+0000] {logging_mixin.py:188} WARNING - Calculating Metrics:   0%|          | 0/6 [00:00<?, ?it/s]
[2025-07-19T14:57:33.428+0000] {logging_mixin.py:188} WARNING - Calculating Metrics:   0%|          | 0/6 [00:00<?, ?it/s]
[2025-07-19T14:57:33.428+0000] {logging_mixin.py:188} WARNING - Calculating Metrics:  33%|###3      | 2/6 [00:00<00:00, 8971.77it/s]
[2025-07-19T14:57:33.429+0000] {logging_mixin.py:188} WARNING - Calculating Metrics:  33%|###3      | 2/6 [00:00<00:00, 2165.92it/s]
[2025-07-19T14:57:33.429+0000] {logging_mixin.py:188} WARNING - Calculating Metrics:  50%|#####     | 3/6 [00:00<00:00, 2775.85it/s]
[2025-07-19T14:57:33.429+0000] {logging_mixin.py:188} WARNING - Calculating Metrics:  50%|#####     | 3/6 [00:00<00:00, 1730.32it/s]
[2025-07-19T14:57:33.430+0000] {taskinstance.py:2698} ERROR - Task failed with exception
Traceback (most recent call last):
  File "/home/airflow/.local/lib/python3.8/site-packages/great_expectations/execution_engine/execution_engine.py", line 548, in _process_direct_and_bundled_metric_computation_configurations
    ] = metric_computation_configuration.metric_fn(  # type: ignore[misc] # F not callable
  File "/home/airflow/.local/lib/python3.8/site-packages/great_expectations/expectations/metrics/metric_provider.py", line 100, in inner_func
    return metric_fn(*args, **kwargs)
  File "/home/airflow/.local/lib/python3.8/site-packages/great_expectations/expectations/metrics/map_metric_provider/column_condition_partial.py", line 96, in inner_func
    metric_domain_kwargs = get_dbms_compatible_metric_domain_kwargs(
  File "/home/airflow/.local/lib/python3.8/site-packages/great_expectations/expectations/metrics/util.py", line 703, in get_dbms_compatible_metric_domain_kwargs
    column_name: str | sqlalchemy.quoted_name = get_dbms_compatible_column_names(
  File "/home/airflow/.local/lib/python3.8/site-packages/great_expectations/expectations/metrics/util.py", line 777, in get_dbms_compatible_column_names
    _verify_column_names_exist_and_get_normalized_typed_column_names_map(
  File "/home/airflow/.local/lib/python3.8/site-packages/great_expectations/expectations/metrics/util.py", line 873, in _verify_column_names_exist_and_get_normalized_typed_column_names_map
    raise gx_exceptions.InvalidMetricAccessorDomainKwargsKeyError(
great_expectations.exceptions.exceptions.InvalidMetricAccessorDomainKwargsKeyError: Error: The column "macd" in BatchData does not exist.

The above exception was the direct cause of the following exception:

Traceback (most recent call last):
  File "/home/airflow/.local/lib/python3.8/site-packages/airflow/models/taskinstance.py", line 433, in _execute_task
    result = execute_callable(context=context, **execute_callable_kwargs)
  File "/home/airflow/.local/lib/python3.8/site-packages/airflow/decorators/base.py", line 241, in execute
    return_value = super().execute(context)
  File "/home/airflow/.local/lib/python3.8/site-packages/airflow/operators/python.py", line 199, in execute
    return_value = self.execute_callable()
  File "/home/airflow/.local/lib/python3.8/site-packages/airflow/operators/python.py", line 216, in execute_callable
    return self.python_callable(*self.op_args, **self.op_kwargs)
  File "/opt/airflow/dags/build_ml_features_dag.py", line 113, in validate_features
    validator.expect_column_values_to_not_be_null("macd")
  File "/home/airflow/.local/lib/python3.8/site-packages/great_expectations/validator/validator.py", line 590, in inst_expectation
    raise err
  File "/home/airflow/.local/lib/python3.8/site-packages/great_expectations/validator/validator.py", line 553, in inst_expectation
    validation_result = expectation.validate(
  File "/home/airflow/.local/lib/python3.8/site-packages/great_expectations/expectations/expectation.py", line 1314, in validate
    ] = validator.graph_validate(
  File "/home/airflow/.local/lib/python3.8/site-packages/great_expectations/validator/validator.py", line 1065, in graph_validate
    raise err
  File "/home/airflow/.local/lib/python3.8/site-packages/great_expectations/validator/validator.py", line 1044, in graph_validate
    ) = self._resolve_suite_level_graph_and_process_metric_evaluation_errors(
  File "/home/airflow/.local/lib/python3.8/site-packages/great_expectations/validator/validator.py", line 1200, in _resolve_suite_level_graph_and_process_metric_evaluation_errors
    ) = self._metrics_calculator.resolve_validation_graph(
  File "/home/airflow/.local/lib/python3.8/site-packages/great_expectations/validator/metrics_calculator.py", line 274, in resolve_validation_graph
    resolved_metrics, aborted_metrics_info = graph.resolve(
  File "/home/airflow/.local/lib/python3.8/site-packages/great_expectations/validator/validation_graph.py", line 202, in resolve
    aborted_metrics_info: _AbortedMetricsInfoDict = self._resolve(
  File "/home/airflow/.local/lib/python3.8/site-packages/great_expectations/validator/validation_graph.py", line 302, in _resolve
    raise err
  File "/home/airflow/.local/lib/python3.8/site-packages/great_expectations/validator/validation_graph.py", line 269, in _resolve
    self._execution_engine.resolve_metrics(
  File "/home/airflow/.local/lib/python3.8/site-packages/great_expectations/execution_engine/execution_engine.py", line 283, in resolve_metrics
    return self._process_direct_and_bundled_metric_computation_configurations(
  File "/home/airflow/.local/lib/python3.8/site-packages/great_expectations/execution_engine/execution_engine.py", line 552, in _process_direct_and_bundled_metric_computation_configurations
    raise gx_exceptions.MetricResolutionError(
great_expectations.exceptions.exceptions.MetricResolutionError: Error: The column "macd" in BatchData does not exist.
[2025-07-19T14:57:33.434+0000] {taskinstance.py:1138} INFO - Marking task as UP_FOR_RETRY. dag_id=build_ml_features, task_id=validate_features, execution_date=20250719T145727, start_date=20250719T145733, end_date=20250719T145733
[2025-07-19T14:57:33.438+0000] {standard_task_runner.py:107} ERROR - Failed to execute job 140 for task validate_features (Error: The column "macd" in BatchData does not exist.; 493)
[2025-07-19T14:57:33.474+0000] {local_task_job_runner.py:234} INFO - Task exited with return code 1
[2025-07-19T14:57:33.481+0000] {taskinstance.py:3280} INFO - 0 downstream tasks scheduled from follow-on schedule check
