[2025-07-15T21:15:05.165+0000] {taskinstance.py:1956} INFO - Dependencies all met for dep_context=non-requeueable deps ti=<TaskInstance: curated_market_dq.validate_dataframe manual__2025-07-15T21:03:26.160087+00:00 [queued]>
[2025-07-15T21:15:05.178+0000] {taskinstance.py:1956} INFO - Dependencies all met for dep_context=requeueable deps ti=<TaskInstance: curated_market_dq.validate_dataframe manual__2025-07-15T21:03:26.160087+00:00 [queued]>
[2025-07-15T21:15:05.179+0000] {taskinstance.py:2170} INFO - Starting attempt 3 of 3
[2025-07-15T21:15:05.201+0000] {taskinstance.py:2191} INFO - Executing <Task(_PythonDecoratedOperator): validate_dataframe> on 2025-07-15 21:03:26.160087+00:00
[2025-07-15T21:15:05.216+0000] {standard_task_runner.py:60} INFO - Started process 367 to run task
[2025-07-15T21:15:05.224+0000] {standard_task_runner.py:87} INFO - Running: ['***', 'tasks', 'run', 'curated_market_dq', 'validate_dataframe', 'manual__2025-07-15T21:03:26.160087+00:00', '--job-id', '57', '--raw', '--subdir', 'DAGS_FOLDER/curated_market_dq_dag.py', '--cfg-path', '/tmp/tmp7tb_l2_8']
[2025-07-15T21:15:05.229+0000] {standard_task_runner.py:88} INFO - Job 57: Subtask validate_dataframe
[2025-07-15T21:15:05.656+0000] {task_command.py:423} INFO - Running <TaskInstance: curated_market_dq.validate_dataframe manual__2025-07-15T21:03:26.160087+00:00 [running]> on host 0c5ec91e67c7
[2025-07-15T21:15:06.189+0000] {taskinstance.py:2480} INFO - Exporting env vars: AIRFLOW_CTX_DAG_EMAIL='data-ops@example.com' AIRFLOW_CTX_DAG_OWNER='data-platform' AIRFLOW_CTX_DAG_ID='curated_market_dq' AIRFLOW_CTX_TASK_ID='validate_dataframe' AIRFLOW_CTX_EXECUTION_DATE='2025-07-15T21:03:26.160087+00:00' AIRFLOW_CTX_TRY_NUMBER='3' AIRFLOW_CTX_DAG_RUN_ID='manual__2025-07-15T21:03:26.160087+00:00'
[2025-07-15T21:15:06.372+0000] {file_data_context.py:222} INFO - FileDataContext loading fluent config
[2025-07-15T21:15:06.378+0000] {config.py:187} INFO - Loading 'datasources' ->
[]
[2025-07-15T21:15:06.546+0000] {taskinstance.py:2698} ERROR - Task failed with exception
Traceback (most recent call last):
  File "/home/airflow/.local/lib/python3.8/site-packages/great_expectations/data_context/store/tuple_store_backend.py", line 305, in _get
    with open(filepath) as infile:
FileNotFoundError: [Errno 2] No such file or directory: '/opt/airflow/great_expectations/gx/checkpoints/curated_market_ckpt.yml'

During handling of the above exception, another exception occurred:

Traceback (most recent call last):
  File "/home/airflow/.local/lib/python3.8/site-packages/great_expectations/data_context/store/checkpoint_store.py", line 154, in get_checkpoint
    checkpoint_config: Optional[Any] = self.get(key=key)
  File "/home/airflow/.local/lib/python3.8/site-packages/great_expectations/data_context/store/store.py", line 207, in get
    value = self._store_backend.get(self.key_to_tuple(key))
  File "/home/airflow/.local/lib/python3.8/site-packages/great_expectations/data_context/store/_store_backend.py", line 123, in get
    value = self._get(key, **kwargs)
  File "/home/airflow/.local/lib/python3.8/site-packages/great_expectations/data_context/store/tuple_store_backend.py", line 308, in _get
    raise InvalidKeyError(
great_expectations.exceptions.exceptions.InvalidKeyError: Unable to retrieve object from TupleFilesystemStoreBackend with the following Key: /opt/***/great_expectations/gx/checkpoints/curated_market_ckpt.yml

During handling of the above exception, another exception occurred:

Traceback (most recent call last):
  File "/home/airflow/.local/lib/python3.8/site-packages/airflow/models/taskinstance.py", line 433, in _execute_task
    result = execute_callable(context=context, **execute_callable_kwargs)
  File "/home/airflow/.local/lib/python3.8/site-packages/airflow/decorators/base.py", line 241, in execute
    return_value = super().execute(context)
  File "/home/airflow/.local/lib/python3.8/site-packages/airflow/operators/python.py", line 199, in execute
    return_value = self.execute_callable()
  File "/home/airflow/.local/lib/python3.8/site-packages/airflow/operators/python.py", line 216, in execute_callable
    return self.python_callable(*self.op_args, **self.op_kwargs)
  File "/opt/airflow/dags/curated_market_dq_dag.py", line 67, in validate_dataframe
    result = ctx.run_checkpoint(
  File "/home/airflow/.local/lib/python3.8/site-packages/great_expectations/core/usage_statistics/usage_statistics.py", line 266, in usage_statistics_wrapped_method
    result = func(*args, **kwargs)
  File "/home/airflow/.local/lib/python3.8/site-packages/great_expectations/data_context/data_context/abstract_data_context.py", line 2108, in run_checkpoint
    return self._run_checkpoint(
  File "/home/airflow/.local/lib/python3.8/site-packages/great_expectations/data_context/data_context/abstract_data_context.py", line 2148, in _run_checkpoint
    checkpoint: Checkpoint = self.get_checkpoint(
  File "/home/airflow/.local/lib/python3.8/site-packages/great_expectations/data_context/data_context/abstract_data_context.py", line 1999, in get_checkpoint
    checkpoint_config: CheckpointConfig = self.checkpoint_store.get_checkpoint(
  File "/home/airflow/.local/lib/python3.8/site-packages/great_expectations/data_context/store/checkpoint_store.py", line 159, in get_checkpoint
    raise gx_exceptions.CheckpointNotFoundError(
great_expectations.exceptions.exceptions.CheckpointNotFoundError: Non-existent Checkpoint configuration named "curated_market_ckpt".

Details: Unable to retrieve object from TupleFilesystemStoreBackend with the following Key: /opt/***/great_expectations/gx/checkpoints/curated_market_ckpt.yml
[2025-07-15T21:15:06.614+0000] {taskinstance.py:1138} INFO - Marking task as FAILED. dag_id=curated_market_dq, task_id=validate_dataframe, execution_date=20250715T210326, start_date=20250715T211505, end_date=20250715T211506
[2025-07-15T21:15:06.785+0000] {credentials.py:1147} INFO - Found credentials in environment variables.
[2025-07-15T21:15:06.974+0000] {credentials.py:1147} INFO - Found credentials in environment variables.
[2025-07-15T21:15:07.101+0000] {connection.py:473} ERROR - Unable to retrieve connection from secrets backend (SystemsManagerParameterStoreBackend). Checking subsequent secrets backend.
Traceback (most recent call last):
  File "/home/airflow/.local/lib/python3.8/site-packages/great_expectations/data_context/store/tuple_store_backend.py", line 305, in _get
    with open(filepath) as infile:
FileNotFoundError: [Errno 2] No such file or directory: '/opt/airflow/great_expectations/gx/checkpoints/curated_market_ckpt.yml'

During handling of the above exception, another exception occurred:

Traceback (most recent call last):
  File "/home/airflow/.local/lib/python3.8/site-packages/great_expectations/data_context/store/checkpoint_store.py", line 154, in get_checkpoint
    checkpoint_config: Optional[Any] = self.get(key=key)
  File "/home/airflow/.local/lib/python3.8/site-packages/great_expectations/data_context/store/store.py", line 207, in get
    value = self._store_backend.get(self.key_to_tuple(key))
  File "/home/airflow/.local/lib/python3.8/site-packages/great_expectations/data_context/store/_store_backend.py", line 123, in get
    value = self._get(key, **kwargs)
  File "/home/airflow/.local/lib/python3.8/site-packages/great_expectations/data_context/store/tuple_store_backend.py", line 308, in _get
    raise InvalidKeyError(
great_expectations.exceptions.exceptions.InvalidKeyError: Unable to retrieve object from TupleFilesystemStoreBackend with the following Key: /opt/***/great_expectations/gx/checkpoints/curated_market_ckpt.yml

During handling of the above exception, another exception occurred:

Traceback (most recent call last):
  File "/home/airflow/.local/lib/python3.8/site-packages/airflow/models/taskinstance.py", line 2334, in _run_raw_task
    self._execute_task_with_callbacks(context, test_mode, session=session)
  File "/home/airflow/.local/lib/python3.8/site-packages/airflow/models/taskinstance.py", line 2499, in _execute_task_with_callbacks
    result = self._execute_task(context, task_orig)
  File "/home/airflow/.local/lib/python3.8/site-packages/airflow/models/taskinstance.py", line 2516, in _execute_task
    return _execute_task(self, context, task_orig)
  File "/home/airflow/.local/lib/python3.8/site-packages/airflow/models/taskinstance.py", line 433, in _execute_task
    result = execute_callable(context=context, **execute_callable_kwargs)
  File "/home/airflow/.local/lib/python3.8/site-packages/airflow/decorators/base.py", line 241, in execute
    return_value = super().execute(context)
  File "/home/airflow/.local/lib/python3.8/site-packages/airflow/operators/python.py", line 199, in execute
    return_value = self.execute_callable()
  File "/home/airflow/.local/lib/python3.8/site-packages/airflow/operators/python.py", line 216, in execute_callable
    return self.python_callable(*self.op_args, **self.op_kwargs)
  File "/opt/airflow/dags/curated_market_dq_dag.py", line 67, in validate_dataframe
    result = ctx.run_checkpoint(
  File "/home/airflow/.local/lib/python3.8/site-packages/great_expectations/core/usage_statistics/usage_statistics.py", line 266, in usage_statistics_wrapped_method
    result = func(*args, **kwargs)
  File "/home/airflow/.local/lib/python3.8/site-packages/great_expectations/data_context/data_context/abstract_data_context.py", line 2108, in run_checkpoint
    return self._run_checkpoint(
  File "/home/airflow/.local/lib/python3.8/site-packages/great_expectations/data_context/data_context/abstract_data_context.py", line 2148, in _run_checkpoint
    checkpoint: Checkpoint = self.get_checkpoint(
  File "/home/airflow/.local/lib/python3.8/site-packages/great_expectations/data_context/data_context/abstract_data_context.py", line 1999, in get_checkpoint
    checkpoint_config: CheckpointConfig = self.checkpoint_store.get_checkpoint(
  File "/home/airflow/.local/lib/python3.8/site-packages/great_expectations/data_context/store/checkpoint_store.py", line 159, in get_checkpoint
    raise gx_exceptions.CheckpointNotFoundError(
great_expectations.exceptions.exceptions.CheckpointNotFoundError: Non-existent Checkpoint configuration named "curated_market_ckpt".

Details: Unable to retrieve object from TupleFilesystemStoreBackend with the following Key: /opt/***/great_expectations/gx/checkpoints/curated_market_ckpt.yml

During handling of the above exception, another exception occurred:

Traceback (most recent call last):
  File "/home/airflow/.local/lib/python3.8/site-packages/airflow/providers/amazon/aws/secrets/systems_manager.py", line 185, in _get_secret
    response = self.client.get_parameter(Name=ssm_path, WithDecryption=True)
  File "/usr/local/lib/python3.8/functools.py", line 967, in __get__
    val = self.func(instance)
  File "/home/airflow/.local/lib/python3.8/site-packages/airflow/providers/amazon/aws/secrets/systems_manager.py", line 132, in client
    return session.client(service_name="ssm", **client_kwargs)
  File "/home/airflow/.local/lib/python3.8/site-packages/boto3/session.py", line 299, in client
    return self._session.create_client(
  File "/home/airflow/.local/lib/python3.8/site-packages/botocore/session.py", line 997, in create_client
    client = client_creator.create_client(
  File "/home/airflow/.local/lib/python3.8/site-packages/botocore/client.py", line 161, in create_client
    client_args = self._get_client_args(
  File "/home/airflow/.local/lib/python3.8/site-packages/botocore/client.py", line 508, in _get_client_args
    return args_creator.get_client_args(
  File "/home/airflow/.local/lib/python3.8/site-packages/botocore/args.py", line 100, in get_client_args
    final_args = self.compute_client_args(
  File "/home/airflow/.local/lib/python3.8/site-packages/botocore/args.py", line 219, in compute_client_args
    endpoint_config = self._compute_endpoint_config(
  File "/home/airflow/.local/lib/python3.8/site-packages/botocore/args.py", line 369, in _compute_endpoint_config
    return self._resolve_endpoint(**resolve_endpoint_kwargs)
  File "/home/airflow/.local/lib/python3.8/site-packages/botocore/args.py", line 474, in _resolve_endpoint
    return endpoint_bridge.resolve(
  File "/home/airflow/.local/lib/python3.8/site-packages/botocore/client.py", line 613, in resolve
    resolved = self.endpoint_resolver.construct_endpoint(
  File "/home/airflow/.local/lib/python3.8/site-packages/botocore/regions.py", line 229, in construct_endpoint
    result = self._endpoint_for_partition(
  File "/home/airflow/.local/lib/python3.8/site-packages/botocore/regions.py", line 277, in _endpoint_for_partition
    raise NoRegionError()
botocore.exceptions.NoRegionError: You must specify a region.

During handling of the above exception, another exception occurred:

Traceback (most recent call last):
  File "/home/airflow/.local/lib/python3.8/site-packages/airflow/models/connection.py", line 468, in get_connection_from_secrets
    conn = secrets_backend.get_connection(conn_id=conn_id)
  File "/home/airflow/.local/lib/python3.8/site-packages/airflow/secrets/base_secrets.py", line 96, in get_connection
    value = self.get_conn_value(conn_id=conn_id)
  File "/home/airflow/.local/lib/python3.8/site-packages/airflow/providers/amazon/aws/secrets/systems_manager.py", line 143, in get_conn_value
    return self._get_secret(self.connections_prefix, conn_id, self.connections_lookup_pattern)
  File "/home/airflow/.local/lib/python3.8/site-packages/airflow/providers/amazon/aws/secrets/systems_manager.py", line 187, in _get_secret
    except self.client.exceptions.ParameterNotFound:
  File "/usr/local/lib/python3.8/functools.py", line 967, in __get__
    val = self.func(instance)
  File "/home/airflow/.local/lib/python3.8/site-packages/airflow/providers/amazon/aws/secrets/systems_manager.py", line 132, in client
    return session.client(service_name="ssm", **client_kwargs)
  File "/home/airflow/.local/lib/python3.8/site-packages/boto3/session.py", line 299, in client
    return self._session.create_client(
  File "/home/airflow/.local/lib/python3.8/site-packages/botocore/session.py", line 997, in create_client
    client = client_creator.create_client(
  File "/home/airflow/.local/lib/python3.8/site-packages/botocore/client.py", line 161, in create_client
    client_args = self._get_client_args(
  File "/home/airflow/.local/lib/python3.8/site-packages/botocore/client.py", line 508, in _get_client_args
    return args_creator.get_client_args(
  File "/home/airflow/.local/lib/python3.8/site-packages/botocore/args.py", line 100, in get_client_args
    final_args = self.compute_client_args(
  File "/home/airflow/.local/lib/python3.8/site-packages/botocore/args.py", line 219, in compute_client_args
    endpoint_config = self._compute_endpoint_config(
  File "/home/airflow/.local/lib/python3.8/site-packages/botocore/args.py", line 369, in _compute_endpoint_config
    return self._resolve_endpoint(**resolve_endpoint_kwargs)
  File "/home/airflow/.local/lib/python3.8/site-packages/botocore/args.py", line 474, in _resolve_endpoint
    return endpoint_bridge.resolve(
  File "/home/airflow/.local/lib/python3.8/site-packages/botocore/client.py", line 613, in resolve
    resolved = self.endpoint_resolver.construct_endpoint(
  File "/home/airflow/.local/lib/python3.8/site-packages/botocore/regions.py", line 229, in construct_endpoint
    result = self._endpoint_for_partition(
  File "/home/airflow/.local/lib/python3.8/site-packages/botocore/regions.py", line 277, in _endpoint_for_partition
    raise NoRegionError()
botocore.exceptions.NoRegionError: You must specify a region.
[2025-07-15T21:15:07.115+0000] {warnings.py:109} WARNING - /home/***/.local/lib/python3.8/site-packages/***/utils/email.py:154: RemovedInAirflow3Warning: Fetching SMTP credentials from configuration variables will be deprecated in a future release. Please set credentials using a connection instead.
  send_mime_email(e_from=mail_from, e_to=recipients, mime_msg=msg, conn_id=conn_id, dryrun=dryrun)

[2025-07-15T21:15:07.116+0000] {configuration.py:1046} WARNING - section/key [smtp/smtp_user] not found in config
[2025-07-15T21:15:07.117+0000] {email.py:270} INFO - Email alerting: attempt 1
[2025-07-15T21:15:07.148+0000] {credentials.py:1147} INFO - Found credentials in environment variables.
[2025-07-15T21:15:08.021+0000] {credentials.py:1147} INFO - Found credentials in environment variables.
[2025-07-15T21:15:08.338+0000] {connection.py:473} ERROR - Unable to retrieve connection from secrets backend (SystemsManagerParameterStoreBackend). Checking subsequent secrets backend.
Traceback (most recent call last):
  File "/home/airflow/.local/lib/python3.8/site-packages/great_expectations/data_context/store/tuple_store_backend.py", line 305, in _get
    with open(filepath) as infile:
FileNotFoundError: [Errno 2] No such file or directory: '/opt/airflow/great_expectations/gx/checkpoints/curated_market_ckpt.yml'

During handling of the above exception, another exception occurred:

Traceback (most recent call last):
  File "/home/airflow/.local/lib/python3.8/site-packages/great_expectations/data_context/store/checkpoint_store.py", line 154, in get_checkpoint
    checkpoint_config: Optional[Any] = self.get(key=key)
  File "/home/airflow/.local/lib/python3.8/site-packages/great_expectations/data_context/store/store.py", line 207, in get
    value = self._store_backend.get(self.key_to_tuple(key))
  File "/home/airflow/.local/lib/python3.8/site-packages/great_expectations/data_context/store/_store_backend.py", line 123, in get
    value = self._get(key, **kwargs)
  File "/home/airflow/.local/lib/python3.8/site-packages/great_expectations/data_context/store/tuple_store_backend.py", line 308, in _get
    raise InvalidKeyError(
great_expectations.exceptions.exceptions.InvalidKeyError: Unable to retrieve object from TupleFilesystemStoreBackend with the following Key: /opt/***/great_expectations/gx/checkpoints/curated_market_ckpt.yml

During handling of the above exception, another exception occurred:

Traceback (most recent call last):
  File "/home/airflow/.local/lib/python3.8/site-packages/airflow/models/taskinstance.py", line 2334, in _run_raw_task
    self._execute_task_with_callbacks(context, test_mode, session=session)
  File "/home/airflow/.local/lib/python3.8/site-packages/airflow/models/taskinstance.py", line 2499, in _execute_task_with_callbacks
    result = self._execute_task(context, task_orig)
  File "/home/airflow/.local/lib/python3.8/site-packages/airflow/models/taskinstance.py", line 2516, in _execute_task
    return _execute_task(self, context, task_orig)
  File "/home/airflow/.local/lib/python3.8/site-packages/airflow/models/taskinstance.py", line 433, in _execute_task
    result = execute_callable(context=context, **execute_callable_kwargs)
  File "/home/airflow/.local/lib/python3.8/site-packages/airflow/decorators/base.py", line 241, in execute
    return_value = super().execute(context)
  File "/home/airflow/.local/lib/python3.8/site-packages/airflow/operators/python.py", line 199, in execute
    return_value = self.execute_callable()
  File "/home/airflow/.local/lib/python3.8/site-packages/airflow/operators/python.py", line 216, in execute_callable
    return self.python_callable(*self.op_args, **self.op_kwargs)
  File "/opt/airflow/dags/curated_market_dq_dag.py", line 67, in validate_dataframe
    result = ctx.run_checkpoint(
  File "/home/airflow/.local/lib/python3.8/site-packages/great_expectations/core/usage_statistics/usage_statistics.py", line 266, in usage_statistics_wrapped_method
    result = func(*args, **kwargs)
  File "/home/airflow/.local/lib/python3.8/site-packages/great_expectations/data_context/data_context/abstract_data_context.py", line 2108, in run_checkpoint
    return self._run_checkpoint(
  File "/home/airflow/.local/lib/python3.8/site-packages/great_expectations/data_context/data_context/abstract_data_context.py", line 2148, in _run_checkpoint
    checkpoint: Checkpoint = self.get_checkpoint(
  File "/home/airflow/.local/lib/python3.8/site-packages/great_expectations/data_context/data_context/abstract_data_context.py", line 1999, in get_checkpoint
    checkpoint_config: CheckpointConfig = self.checkpoint_store.get_checkpoint(
  File "/home/airflow/.local/lib/python3.8/site-packages/great_expectations/data_context/store/checkpoint_store.py", line 159, in get_checkpoint
    raise gx_exceptions.CheckpointNotFoundError(
great_expectations.exceptions.exceptions.CheckpointNotFoundError: Non-existent Checkpoint configuration named "curated_market_ckpt".

Details: Unable to retrieve object from TupleFilesystemStoreBackend with the following Key: /opt/***/great_expectations/gx/checkpoints/curated_market_ckpt.yml

During handling of the above exception, another exception occurred:

Traceback (most recent call last):
  File "/home/airflow/.local/lib/python3.8/site-packages/airflow/models/taskinstance.py", line 1000, in _email_alert
    send_email(task.email, subject, html_content)
  File "/home/airflow/.local/lib/python3.8/site-packages/airflow/utils/email.py", line 80, in send_email
    return backend(
  File "/home/airflow/.local/lib/python3.8/site-packages/airflow/utils/email.py", line 154, in send_email_smtp
    send_mime_email(e_from=mail_from, e_to=recipients, mime_msg=msg, conn_id=conn_id, dryrun=dryrun)
  File "/home/airflow/.local/lib/python3.8/site-packages/airflow/utils/email.py", line 272, in send_mime_email
    smtp_conn = _get_smtp_connection(smtp_host, smtp_port, smtp_timeout, smtp_ssl)
  File "/home/airflow/.local/lib/python3.8/site-packages/airflow/utils/email.py", line 316, in _get_smtp_connection
    return smtplib.SMTP(host=host, port=port, timeout=timeout)
  File "/usr/local/lib/python3.8/smtplib.py", line 255, in __init__
    (code, msg) = self.connect(host, port)
  File "/usr/local/lib/python3.8/smtplib.py", line 339, in connect
    self.sock = self._get_socket(host, port, self.timeout)
  File "/usr/local/lib/python3.8/smtplib.py", line 310, in _get_socket
    return socket.create_connection((host, port), timeout,
  File "/usr/local/lib/python3.8/socket.py", line 808, in create_connection
    raise err
  File "/usr/local/lib/python3.8/socket.py", line 796, in create_connection
    sock.connect(sa)
ConnectionRefusedError: [Errno 111] Connection refused

During handling of the above exception, another exception occurred:

Traceback (most recent call last):
  File "/home/airflow/.local/lib/python3.8/site-packages/airflow/providers/amazon/aws/secrets/systems_manager.py", line 185, in _get_secret
    response = self.client.get_parameter(Name=ssm_path, WithDecryption=True)
  File "/usr/local/lib/python3.8/functools.py", line 967, in __get__
    val = self.func(instance)
  File "/home/airflow/.local/lib/python3.8/site-packages/airflow/providers/amazon/aws/secrets/systems_manager.py", line 132, in client
    return session.client(service_name="ssm", **client_kwargs)
  File "/home/airflow/.local/lib/python3.8/site-packages/boto3/session.py", line 299, in client
    return self._session.create_client(
  File "/home/airflow/.local/lib/python3.8/site-packages/botocore/session.py", line 997, in create_client
    client = client_creator.create_client(
  File "/home/airflow/.local/lib/python3.8/site-packages/botocore/client.py", line 161, in create_client
    client_args = self._get_client_args(
  File "/home/airflow/.local/lib/python3.8/site-packages/botocore/client.py", line 508, in _get_client_args
    return args_creator.get_client_args(
  File "/home/airflow/.local/lib/python3.8/site-packages/botocore/args.py", line 100, in get_client_args
    final_args = self.compute_client_args(
  File "/home/airflow/.local/lib/python3.8/site-packages/botocore/args.py", line 219, in compute_client_args
    endpoint_config = self._compute_endpoint_config(
  File "/home/airflow/.local/lib/python3.8/site-packages/botocore/args.py", line 369, in _compute_endpoint_config
    return self._resolve_endpoint(**resolve_endpoint_kwargs)
  File "/home/airflow/.local/lib/python3.8/site-packages/botocore/args.py", line 474, in _resolve_endpoint
    return endpoint_bridge.resolve(
  File "/home/airflow/.local/lib/python3.8/site-packages/botocore/client.py", line 613, in resolve
    resolved = self.endpoint_resolver.construct_endpoint(
  File "/home/airflow/.local/lib/python3.8/site-packages/botocore/regions.py", line 229, in construct_endpoint
    result = self._endpoint_for_partition(
  File "/home/airflow/.local/lib/python3.8/site-packages/botocore/regions.py", line 277, in _endpoint_for_partition
    raise NoRegionError()
botocore.exceptions.NoRegionError: You must specify a region.

During handling of the above exception, another exception occurred:

Traceback (most recent call last):
  File "/home/airflow/.local/lib/python3.8/site-packages/airflow/models/connection.py", line 468, in get_connection_from_secrets
    conn = secrets_backend.get_connection(conn_id=conn_id)
  File "/home/airflow/.local/lib/python3.8/site-packages/airflow/secrets/base_secrets.py", line 96, in get_connection
    value = self.get_conn_value(conn_id=conn_id)
  File "/home/airflow/.local/lib/python3.8/site-packages/airflow/providers/amazon/aws/secrets/systems_manager.py", line 143, in get_conn_value
    return self._get_secret(self.connections_prefix, conn_id, self.connections_lookup_pattern)
  File "/home/airflow/.local/lib/python3.8/site-packages/airflow/providers/amazon/aws/secrets/systems_manager.py", line 187, in _get_secret
    except self.client.exceptions.ParameterNotFound:
  File "/usr/local/lib/python3.8/functools.py", line 967, in __get__
    val = self.func(instance)
  File "/home/airflow/.local/lib/python3.8/site-packages/airflow/providers/amazon/aws/secrets/systems_manager.py", line 132, in client
    return session.client(service_name="ssm", **client_kwargs)
  File "/home/airflow/.local/lib/python3.8/site-packages/boto3/session.py", line 299, in client
    return self._session.create_client(
  File "/home/airflow/.local/lib/python3.8/site-packages/botocore/session.py", line 997, in create_client
    client = client_creator.create_client(
  File "/home/airflow/.local/lib/python3.8/site-packages/botocore/client.py", line 161, in create_client
    client_args = self._get_client_args(
  File "/home/airflow/.local/lib/python3.8/site-packages/botocore/client.py", line 508, in _get_client_args
    return args_creator.get_client_args(
  File "/home/airflow/.local/lib/python3.8/site-packages/botocore/args.py", line 100, in get_client_args
    final_args = self.compute_client_args(
  File "/home/airflow/.local/lib/python3.8/site-packages/botocore/args.py", line 219, in compute_client_args
    endpoint_config = self._compute_endpoint_config(
  File "/home/airflow/.local/lib/python3.8/site-packages/botocore/args.py", line 369, in _compute_endpoint_config
    return self._resolve_endpoint(**resolve_endpoint_kwargs)
  File "/home/airflow/.local/lib/python3.8/site-packages/botocore/args.py", line 474, in _resolve_endpoint
    return endpoint_bridge.resolve(
  File "/home/airflow/.local/lib/python3.8/site-packages/botocore/client.py", line 613, in resolve
    resolved = self.endpoint_resolver.construct_endpoint(
  File "/home/airflow/.local/lib/python3.8/site-packages/botocore/regions.py", line 229, in construct_endpoint
    result = self._endpoint_for_partition(
  File "/home/airflow/.local/lib/python3.8/site-packages/botocore/regions.py", line 277, in _endpoint_for_partition
    raise NoRegionError()
botocore.exceptions.NoRegionError: You must specify a region.
[2025-07-15T21:15:08.362+0000] {configuration.py:1046} WARNING - section/key [smtp/smtp_user] not found in config
[2025-07-15T21:15:08.363+0000] {email.py:270} INFO - Email alerting: attempt 1
[2025-07-15T21:15:08.364+0000] {taskinstance.py:826} ERROR - Failed to send email to: ['data-ops@example.com']
Traceback (most recent call last):
  File "/home/airflow/.local/lib/python3.8/site-packages/great_expectations/data_context/store/tuple_store_backend.py", line 305, in _get
    with open(filepath) as infile:
FileNotFoundError: [Errno 2] No such file or directory: '/opt/airflow/great_expectations/gx/checkpoints/curated_market_ckpt.yml'

During handling of the above exception, another exception occurred:

Traceback (most recent call last):
  File "/home/airflow/.local/lib/python3.8/site-packages/great_expectations/data_context/store/checkpoint_store.py", line 154, in get_checkpoint
    checkpoint_config: Optional[Any] = self.get(key=key)
  File "/home/airflow/.local/lib/python3.8/site-packages/great_expectations/data_context/store/store.py", line 207, in get
    value = self._store_backend.get(self.key_to_tuple(key))
  File "/home/airflow/.local/lib/python3.8/site-packages/great_expectations/data_context/store/_store_backend.py", line 123, in get
    value = self._get(key, **kwargs)
  File "/home/airflow/.local/lib/python3.8/site-packages/great_expectations/data_context/store/tuple_store_backend.py", line 308, in _get
    raise InvalidKeyError(
great_expectations.exceptions.exceptions.InvalidKeyError: Unable to retrieve object from TupleFilesystemStoreBackend with the following Key: /opt/***/great_expectations/gx/checkpoints/curated_market_ckpt.yml

During handling of the above exception, another exception occurred:

Traceback (most recent call last):
  File "/home/airflow/.local/lib/python3.8/site-packages/airflow/models/taskinstance.py", line 2334, in _run_raw_task
    self._execute_task_with_callbacks(context, test_mode, session=session)
  File "/home/airflow/.local/lib/python3.8/site-packages/airflow/models/taskinstance.py", line 2499, in _execute_task_with_callbacks
    result = self._execute_task(context, task_orig)
  File "/home/airflow/.local/lib/python3.8/site-packages/airflow/models/taskinstance.py", line 2516, in _execute_task
    return _execute_task(self, context, task_orig)
  File "/home/airflow/.local/lib/python3.8/site-packages/airflow/models/taskinstance.py", line 433, in _execute_task
    result = execute_callable(context=context, **execute_callable_kwargs)
  File "/home/airflow/.local/lib/python3.8/site-packages/airflow/decorators/base.py", line 241, in execute
    return_value = super().execute(context)
  File "/home/airflow/.local/lib/python3.8/site-packages/airflow/operators/python.py", line 199, in execute
    return_value = self.execute_callable()
  File "/home/airflow/.local/lib/python3.8/site-packages/airflow/operators/python.py", line 216, in execute_callable
    return self.python_callable(*self.op_args, **self.op_kwargs)
  File "/opt/airflow/dags/curated_market_dq_dag.py", line 67, in validate_dataframe
    result = ctx.run_checkpoint(
  File "/home/airflow/.local/lib/python3.8/site-packages/great_expectations/core/usage_statistics/usage_statistics.py", line 266, in usage_statistics_wrapped_method
    result = func(*args, **kwargs)
  File "/home/airflow/.local/lib/python3.8/site-packages/great_expectations/data_context/data_context/abstract_data_context.py", line 2108, in run_checkpoint
    return self._run_checkpoint(
  File "/home/airflow/.local/lib/python3.8/site-packages/great_expectations/data_context/data_context/abstract_data_context.py", line 2148, in _run_checkpoint
    checkpoint: Checkpoint = self.get_checkpoint(
  File "/home/airflow/.local/lib/python3.8/site-packages/great_expectations/data_context/data_context/abstract_data_context.py", line 1999, in get_checkpoint
    checkpoint_config: CheckpointConfig = self.checkpoint_store.get_checkpoint(
  File "/home/airflow/.local/lib/python3.8/site-packages/great_expectations/data_context/store/checkpoint_store.py", line 159, in get_checkpoint
    raise gx_exceptions.CheckpointNotFoundError(
great_expectations.exceptions.exceptions.CheckpointNotFoundError: Non-existent Checkpoint configuration named "curated_market_ckpt".

Details: Unable to retrieve object from TupleFilesystemStoreBackend with the following Key: /opt/***/great_expectations/gx/checkpoints/curated_market_ckpt.yml

During handling of the above exception, another exception occurred:

Traceback (most recent call last):
  File "/home/airflow/.local/lib/python3.8/site-packages/airflow/models/taskinstance.py", line 1000, in _email_alert
    send_email(task.email, subject, html_content)
  File "/home/airflow/.local/lib/python3.8/site-packages/airflow/utils/email.py", line 80, in send_email
    return backend(
  File "/home/airflow/.local/lib/python3.8/site-packages/airflow/utils/email.py", line 154, in send_email_smtp
    send_mime_email(e_from=mail_from, e_to=recipients, mime_msg=msg, conn_id=conn_id, dryrun=dryrun)
  File "/home/airflow/.local/lib/python3.8/site-packages/airflow/utils/email.py", line 272, in send_mime_email
    smtp_conn = _get_smtp_connection(smtp_host, smtp_port, smtp_timeout, smtp_ssl)
  File "/home/airflow/.local/lib/python3.8/site-packages/airflow/utils/email.py", line 316, in _get_smtp_connection
    return smtplib.SMTP(host=host, port=port, timeout=timeout)
  File "/usr/local/lib/python3.8/smtplib.py", line 255, in __init__
    (code, msg) = self.connect(host, port)
  File "/usr/local/lib/python3.8/smtplib.py", line 339, in connect
    self.sock = self._get_socket(host, port, self.timeout)
  File "/usr/local/lib/python3.8/smtplib.py", line 310, in _get_socket
    return socket.create_connection((host, port), timeout,
  File "/usr/local/lib/python3.8/socket.py", line 808, in create_connection
    raise err
  File "/usr/local/lib/python3.8/socket.py", line 796, in create_connection
    sock.connect(sa)
ConnectionRefusedError: [Errno 111] Connection refused

During handling of the above exception, another exception occurred:

Traceback (most recent call last):
  File "/home/airflow/.local/lib/python3.8/site-packages/airflow/models/taskinstance.py", line 824, in _handle_failure
    task_instance.email_alert(error, failure_context["task"])
  File "/home/airflow/.local/lib/python3.8/site-packages/airflow/models/taskinstance.py", line 2946, in email_alert
    _email_alert(task_instance=self, exception=exception, task=task)
  File "/home/airflow/.local/lib/python3.8/site-packages/airflow/models/taskinstance.py", line 1002, in _email_alert
    send_email(task.email, subject, html_content_err)
  File "/home/airflow/.local/lib/python3.8/site-packages/airflow/utils/email.py", line 80, in send_email
    return backend(
  File "/home/airflow/.local/lib/python3.8/site-packages/airflow/utils/email.py", line 154, in send_email_smtp
    send_mime_email(e_from=mail_from, e_to=recipients, mime_msg=msg, conn_id=conn_id, dryrun=dryrun)
  File "/home/airflow/.local/lib/python3.8/site-packages/airflow/utils/email.py", line 272, in send_mime_email
    smtp_conn = _get_smtp_connection(smtp_host, smtp_port, smtp_timeout, smtp_ssl)
  File "/home/airflow/.local/lib/python3.8/site-packages/airflow/utils/email.py", line 316, in _get_smtp_connection
    return smtplib.SMTP(host=host, port=port, timeout=timeout)
  File "/usr/local/lib/python3.8/smtplib.py", line 255, in __init__
    (code, msg) = self.connect(host, port)
  File "/usr/local/lib/python3.8/smtplib.py", line 339, in connect
    self.sock = self._get_socket(host, port, self.timeout)
  File "/usr/local/lib/python3.8/smtplib.py", line 310, in _get_socket
    return socket.create_connection((host, port), timeout,
  File "/usr/local/lib/python3.8/socket.py", line 808, in create_connection
    raise err
  File "/usr/local/lib/python3.8/socket.py", line 796, in create_connection
    sock.connect(sa)
ConnectionRefusedError: [Errno 111] Connection refused
[2025-07-15T21:15:08.415+0000] {standard_task_runner.py:107} ERROR - Failed to execute job 57 for task validate_dataframe (Non-existent Checkpoint configuration named "curated_market_ckpt".

Details: Unable to retrieve object from TupleFilesystemStoreBackend with the following Key: /opt/***/great_expectations/gx/checkpoints/curated_market_ckpt.yml; 367)
[2025-07-15T21:15:08.540+0000] {local_task_job_runner.py:234} INFO - Task exited with return code 1
[2025-07-15T21:15:08.635+0000] {taskinstance.py:3280} INFO - 0 downstream tasks scheduled from follow-on schedule check
