[2025-07-19T14:58:31.391+0000] {taskinstance.py:1956} INFO - Dependencies all met for dep_context=non-requeueable deps ti=<TaskInstance: build_ml_features.validate_features manual__2025-07-19T14:58:25.476881+00:00 [queued]>
[2025-07-19T14:58:31.395+0000] {taskinstance.py:1956} INFO - Dependencies all met for dep_context=requeueable deps ti=<TaskInstance: build_ml_features.validate_features manual__2025-07-19T14:58:25.476881+00:00 [queued]>
[2025-07-19T14:58:31.397+0000] {taskinstance.py:2170} INFO - Starting attempt 1 of 2
[2025-07-19T14:58:31.403+0000] {taskinstance.py:2191} INFO - Executing <Task(_PythonDecoratedOperator): validate_features> on 2025-07-19 14:58:25.476881+00:00
[2025-07-19T14:58:31.409+0000] {standard_task_runner.py:60} INFO - Started process 632 to run task
[2025-07-19T14:58:31.411+0000] {standard_task_runner.py:87} INFO - Running: ['***', 'tasks', 'run', 'build_ml_features', 'validate_features', 'manual__2025-07-19T14:58:25.476881+00:00', '--job-id', '145', '--raw', '--subdir', 'DAGS_FOLDER/build_ml_features_dag.py', '--cfg-path', '/tmp/tmpx0ufy6fu']
[2025-07-19T14:58:31.412+0000] {standard_task_runner.py:88} INFO - Job 145: Subtask validate_features
[2025-07-19T14:58:31.439+0000] {task_command.py:423} INFO - Running <TaskInstance: build_ml_features.validate_features manual__2025-07-19T14:58:25.476881+00:00 [running]> on host 78a06dccabbd
[2025-07-19T14:58:31.478+0000] {taskinstance.py:2480} INFO - Exporting env vars: AIRFLOW_CTX_DAG_OWNER='data-platform' AIRFLOW_CTX_DAG_ID='build_ml_features' AIRFLOW_CTX_TASK_ID='validate_features' AIRFLOW_CTX_EXECUTION_DATE='2025-07-19T14:58:25.476881+00:00' AIRFLOW_CTX_TRY_NUMBER='1' AIRFLOW_CTX_DAG_RUN_ID='manual__2025-07-19T14:58:25.476881+00:00'
[2025-07-19T14:58:31.499+0000] {file_data_context.py:222} INFO - FileDataContext loading fluent config
[2025-07-19T14:58:31.500+0000] {config.py:187} INFO - Loading 'datasources' ->
[{'assets': [...], 'name': 'local_pandas', 'type': 'pandas'}]
[2025-07-19T14:58:31.500+0000] {fluent_base_model.py:276} INFO - _PandasDataAsset.dict() - missing `config_provider`, skipping config substitution
[2025-07-19T14:58:31.500+0000] {fluent_base_model.py:276} INFO - _PandasDataAsset.dict() - missing `config_provider`, skipping config substitution
[2025-07-19T14:58:31.513+0000] {abstract_data_context.py:5515} INFO - Loaded 'local_pandas' from fluent config
[2025-07-19T14:58:31.514+0000] {file_data_context.py:174} INFO - Saving 1 Fluent Datasources to /opt/***/gx/great_expectations.yml
[2025-07-19T14:58:31.514+0000] {fluent_base_model.py:276} INFO - DataFrameAsset.dict() - missing `config_provider`, skipping config substitution
[2025-07-19T14:58:31.514+0000] {fluent_base_model.py:276} INFO - DataFrameAsset.dict() - missing `config_provider`, skipping config substitution
[2025-07-19T14:58:31.514+0000] {fluent_base_model.py:276} INFO - PandasDatasource.dict() - missing `config_provider`, skipping config substitution
[2025-07-19T14:58:31.555+0000] {warnings.py:109} WARNING - /home/***/.local/lib/python3.8/site-packages/great_expectations/expectations/expectation.py:1518: UserWarning: `result_format` configured at the Validator-level will not be persisted. Please add the configuration to your Checkpoint config or checkpoint_run() method instead.
  warnings.warn(

[2025-07-19T14:58:31.561+0000] {logging_mixin.py:188} WARNING - Calculating Metrics:   0%|          | 0/6 [00:00<?, ?it/s]
[2025-07-19T14:58:31.561+0000] {logging_mixin.py:188} WARNING - Calculating Metrics:   0%|          | 0/6 [00:00<?, ?it/s]
[2025-07-19T14:58:31.562+0000] {logging_mixin.py:188} WARNING - Calculating Metrics:  33%|###3      | 2/6 [00:00<00:00, 5239.61it/s]
[2025-07-19T14:58:31.562+0000] {logging_mixin.py:188} WARNING - Calculating Metrics:  33%|###3      | 2/6 [00:00<00:00, 1784.05it/s]
[2025-07-19T14:58:31.562+0000] {logging_mixin.py:188} WARNING - Calculating Metrics:  50%|#####     | 3/6 [00:00<00:00, 2213.74it/s]
[2025-07-19T14:58:31.563+0000] {logging_mixin.py:188} WARNING - Calculating Metrics:  50%|#####     | 3/6 [00:00<00:00, 1466.71it/s]
[2025-07-19T14:58:31.564+0000] {logging_mixin.py:188} WARNING - Calculating Metrics:  67%|######6   | 4/6 [00:00<00:00, 1632.98it/s]
[2025-07-19T14:58:31.564+0000] {logging_mixin.py:188} WARNING - Calculating Metrics:  67%|######6   | 4/6 [00:00<00:00, 1239.82it/s]
[2025-07-19T14:58:31.565+0000] {logging_mixin.py:188} WARNING - Calculating Metrics: 100%|##########| 6/6 [00:00<00:00, 1508.02it/s]
[2025-07-19T14:58:31.565+0000] {logging_mixin.py:188} WARNING - Calculating Metrics: 100%|##########| 6/6 [00:00<00:00, 1399.11it/s]
[2025-07-19T14:58:31.566+0000] {logging_mixin.py:188} WARNING - Calculating Metrics: 100%|##########| 6/6 [00:00<00:00, 1365.70it/s]
[2025-07-19T14:58:31.566+0000] {logging_mixin.py:188} WARNING - Calculating Metrics: 100%|##########| 6/6 [00:00<00:00, 1326.75it/s]
[2025-07-19T14:58:31.566+0000] {warnings.py:109} WARNING - /home/***/.local/lib/python3.8/site-packages/great_expectations/expectations/expectation.py:1518: UserWarning: `result_format` configured at the Validator-level will not be persisted. Please add the configuration to your Checkpoint config or checkpoint_run() method instead.
  warnings.warn(

[2025-07-19T14:58:31.570+0000] {logging_mixin.py:188} WARNING - Calculating Metrics:   0%|          | 0/6 [00:00<?, ?it/s]
[2025-07-19T14:58:31.570+0000] {logging_mixin.py:188} WARNING - Calculating Metrics:   0%|          | 0/6 [00:00<?, ?it/s]
[2025-07-19T14:58:31.570+0000] {logging_mixin.py:188} WARNING - Calculating Metrics:  33%|###3      | 2/6 [00:00<00:00, 7688.92it/s]
[2025-07-19T14:58:31.571+0000] {logging_mixin.py:188} WARNING - Calculating Metrics:  33%|###3      | 2/6 [00:00<00:00, 1955.39it/s]
[2025-07-19T14:58:31.571+0000] {logging_mixin.py:188} WARNING - Calculating Metrics:  50%|#####     | 3/6 [00:00<00:00, 2523.14it/s]
[2025-07-19T14:58:31.572+0000] {logging_mixin.py:188} WARNING - Calculating Metrics:  50%|#####     | 3/6 [00:00<00:00, 1602.92it/s]
[2025-07-19T14:58:31.572+0000] {logging_mixin.py:188} WARNING - Calculating Metrics:  67%|######6   | 4/6 [00:00<00:00, 1848.93it/s]
[2025-07-19T14:58:31.573+0000] {logging_mixin.py:188} WARNING - Calculating Metrics:  67%|######6   | 4/6 [00:00<00:00, 1461.30it/s]
[2025-07-19T14:58:31.573+0000] {logging_mixin.py:188} WARNING - Calculating Metrics: 100%|##########| 6/6 [00:00<00:00, 1833.98it/s]
[2025-07-19T14:58:31.573+0000] {logging_mixin.py:188} WARNING - Calculating Metrics: 100%|##########| 6/6 [00:00<00:00, 1667.27it/s]
[2025-07-19T14:58:31.573+0000] {logging_mixin.py:188} WARNING - Calculating Metrics: 100%|##########| 6/6 [00:00<00:00, 1624.65it/s]
[2025-07-19T14:58:31.574+0000] {logging_mixin.py:188} WARNING - Calculating Metrics: 100%|##########| 6/6 [00:00<00:00, 1581.76it/s]
[2025-07-19T14:58:31.574+0000] {warnings.py:109} WARNING - /home/***/.local/lib/python3.8/site-packages/great_expectations/expectations/expectation.py:1518: UserWarning: `result_format` configured at the Validator-level will not be persisted. Please add the configuration to your Checkpoint config or checkpoint_run() method instead.
  warnings.warn(

[2025-07-19T14:58:31.577+0000] {logging_mixin.py:188} WARNING - Calculating Metrics:   0%|          | 0/6 [00:00<?, ?it/s]
[2025-07-19T14:58:31.577+0000] {logging_mixin.py:188} WARNING - Calculating Metrics:   0%|          | 0/6 [00:00<?, ?it/s]
[2025-07-19T14:58:31.578+0000] {logging_mixin.py:188} WARNING - Calculating Metrics:  33%|###3      | 2/6 [00:00<00:00, 8004.40it/s]
[2025-07-19T14:58:31.578+0000] {logging_mixin.py:188} WARNING - Calculating Metrics:  33%|###3      | 2/6 [00:00<00:00, 1981.72it/s]
[2025-07-19T14:58:31.579+0000] {logging_mixin.py:188} WARNING - Calculating Metrics:  50%|#####     | 3/6 [00:00<00:00, 2555.94it/s]
[2025-07-19T14:58:31.579+0000] {logging_mixin.py:188} WARNING - Calculating Metrics:  50%|#####     | 3/6 [00:00<00:00, 1651.08it/s]
[2025-07-19T14:58:31.580+0000] {logging_mixin.py:188} WARNING - Calculating Metrics:  67%|######6   | 4/6 [00:00<00:00, 1892.52it/s]
[2025-07-19T14:58:31.580+0000] {logging_mixin.py:188} WARNING - Calculating Metrics:  67%|######6   | 4/6 [00:00<00:00, 1491.18it/s]
[2025-07-19T14:58:31.581+0000] {logging_mixin.py:188} WARNING - Calculating Metrics: 100%|##########| 6/6 [00:00<00:00, 1862.20it/s]
[2025-07-19T14:58:31.581+0000] {logging_mixin.py:188} WARNING - Calculating Metrics: 100%|##########| 6/6 [00:00<00:00, 1707.66it/s]
[2025-07-19T14:58:31.581+0000] {logging_mixin.py:188} WARNING - Calculating Metrics: 100%|##########| 6/6 [00:00<00:00, 1658.48it/s]
[2025-07-19T14:58:31.581+0000] {logging_mixin.py:188} WARNING - Calculating Metrics: 100%|##########| 6/6 [00:00<00:00, 1607.83it/s]
[2025-07-19T14:58:31.582+0000] {warnings.py:109} WARNING - /home/***/.local/lib/python3.8/site-packages/great_expectations/expectations/expectation.py:1518: UserWarning: `result_format` configured at the Validator-level will not be persisted. Please add the configuration to your Checkpoint config or checkpoint_run() method instead.
  warnings.warn(

[2025-07-19T14:58:31.585+0000] {logging_mixin.py:188} WARNING - Calculating Metrics:   0%|          | 0/6 [00:00<?, ?it/s]
[2025-07-19T14:58:31.585+0000] {logging_mixin.py:188} WARNING - Calculating Metrics:   0%|          | 0/6 [00:00<?, ?it/s]
[2025-07-19T14:58:31.585+0000] {logging_mixin.py:188} WARNING - Calculating Metrics:  33%|###3      | 2/6 [00:00<00:00, 8152.19it/s]
[2025-07-19T14:58:31.586+0000] {logging_mixin.py:188} WARNING - Calculating Metrics:  33%|###3      | 2/6 [00:00<00:00, 2082.06it/s]
[2025-07-19T14:58:31.586+0000] {logging_mixin.py:188} WARNING - Calculating Metrics:  50%|#####     | 3/6 [00:00<00:00, 2642.36it/s]
[2025-07-19T14:58:31.587+0000] {logging_mixin.py:188} WARNING - Calculating Metrics:  50%|#####     | 3/6 [00:00<00:00, 1693.98it/s]
[2025-07-19T14:58:31.587+0000] {logging_mixin.py:188} WARNING - Calculating Metrics:  67%|######6   | 4/6 [00:00<00:00, 1937.55it/s]
[2025-07-19T14:58:31.588+0000] {logging_mixin.py:188} WARNING - Calculating Metrics:  67%|######6   | 4/6 [00:00<00:00, 1530.07it/s]
[2025-07-19T14:58:31.588+0000] {logging_mixin.py:188} WARNING - Calculating Metrics: 100%|##########| 6/6 [00:00<00:00, 1927.09it/s]
[2025-07-19T14:58:31.588+0000] {logging_mixin.py:188} WARNING - Calculating Metrics: 100%|##########| 6/6 [00:00<00:00, 1757.02it/s]
[2025-07-19T14:58:31.589+0000] {logging_mixin.py:188} WARNING - Calculating Metrics: 100%|##########| 6/6 [00:00<00:00, 1705.12it/s]
[2025-07-19T14:58:31.589+0000] {logging_mixin.py:188} WARNING - Calculating Metrics: 100%|##########| 6/6 [00:00<00:00, 1649.79it/s]
[2025-07-19T14:58:31.589+0000] {warnings.py:109} WARNING - /home/***/.local/lib/python3.8/site-packages/great_expectations/expectations/expectation.py:1518: UserWarning: `result_format` configured at the Validator-level will not be persisted. Please add the configuration to your Checkpoint config or checkpoint_run() method instead.
  warnings.warn(

[2025-07-19T14:58:31.593+0000] {logging_mixin.py:188} WARNING - Calculating Metrics:   0%|          | 0/6 [00:00<?, ?it/s]
[2025-07-19T14:58:31.593+0000] {logging_mixin.py:188} WARNING - Calculating Metrics:   0%|          | 0/6 [00:00<?, ?it/s]
[2025-07-19T14:58:31.593+0000] {logging_mixin.py:188} WARNING - Calculating Metrics:  33%|###3      | 2/6 [00:00<00:00, 8568.55it/s]
[2025-07-19T14:58:31.594+0000] {logging_mixin.py:188} WARNING - Calculating Metrics:  33%|###3      | 2/6 [00:00<00:00, 1692.96it/s]
[2025-07-19T14:58:31.594+0000] {logging_mixin.py:188} WARNING - Calculating Metrics:  50%|#####     | 3/6 [00:00<00:00, 2169.84it/s]
[2025-07-19T14:58:31.595+0000] {logging_mixin.py:188} WARNING - Calculating Metrics:  50%|#####     | 3/6 [00:00<00:00, 1475.66it/s]
[2025-07-19T14:58:31.595+0000] {logging_mixin.py:188} WARNING - Calculating Metrics:  67%|######6   | 4/6 [00:00<00:00, 1692.28it/s]
[2025-07-19T14:58:31.596+0000] {logging_mixin.py:188} WARNING - Calculating Metrics:  67%|######6   | 4/6 [00:00<00:00, 1284.82it/s]
[2025-07-19T14:58:31.596+0000] {logging_mixin.py:188} WARNING - Calculating Metrics: 100%|##########| 6/6 [00:00<00:00, 1645.90it/s]
[2025-07-19T14:58:31.597+0000] {logging_mixin.py:188} WARNING - Calculating Metrics: 100%|##########| 6/6 [00:00<00:00, 1524.46it/s]
[2025-07-19T14:58:31.597+0000] {logging_mixin.py:188} WARNING - Calculating Metrics: 100%|##########| 6/6 [00:00<00:00, 1473.93it/s]
[2025-07-19T14:58:31.597+0000] {logging_mixin.py:188} WARNING - Calculating Metrics: 100%|##########| 6/6 [00:00<00:00, 1434.36it/s]
[2025-07-19T14:58:31.598+0000] {warnings.py:109} WARNING - /home/***/.local/lib/python3.8/site-packages/great_expectations/expectations/expectation.py:1518: UserWarning: `result_format` configured at the Validator-level will not be persisted. Please add the configuration to your Checkpoint config or checkpoint_run() method instead.
  warnings.warn(

[2025-07-19T14:58:31.604+0000] {logging_mixin.py:188} WARNING - Calculating Metrics:   0%|          | 0/8 [00:00<?, ?it/s]
[2025-07-19T14:58:31.604+0000] {logging_mixin.py:188} WARNING - Calculating Metrics:   0%|          | 0/8 [00:00<?, ?it/s]
[2025-07-19T14:58:31.605+0000] {logging_mixin.py:188} WARNING - Calculating Metrics:  25%|##5       | 2/8 [00:00<00:00, 3887.21it/s]
[2025-07-19T14:58:31.606+0000] {logging_mixin.py:188} WARNING - Calculating Metrics:  25%|##5       | 2/8 [00:00<00:00, 851.72it/s] 
[2025-07-19T14:58:31.607+0000] {logging_mixin.py:188} WARNING - Calculating Metrics:  38%|###7      | 3/8 [00:00<00:00, 1147.13it/s]
[2025-07-19T14:58:31.608+0000] {logging_mixin.py:188} WARNING - Calculating Metrics:  38%|###7      | 3/8 [00:00<00:00, 732.29it/s] 
[2025-07-19T14:58:31.609+0000] {logging_mixin.py:188} WARNING - Calculating Metrics:  62%|######2   | 5/8 [00:00<00:00, 963.32it/s]
[2025-07-19T14:58:31.610+0000] {logging_mixin.py:188} WARNING - Calculating Metrics:  62%|######2   | 5/8 [00:00<00:00, 792.48it/s]
[2025-07-19T14:58:31.611+0000] {logging_mixin.py:188} WARNING - Calculating Metrics: 100%|##########| 8/8 [00:00<00:00, 1091.52it/s]
[2025-07-19T14:58:31.612+0000] {logging_mixin.py:188} WARNING - Calculating Metrics: 100%|##########| 8/8 [00:00<00:00, 1015.63it/s]
[2025-07-19T14:58:31.612+0000] {logging_mixin.py:188} WARNING - Calculating Metrics: 100%|##########| 8/8 [00:00<00:00, 1000.91it/s]
[2025-07-19T14:58:31.612+0000] {logging_mixin.py:188} WARNING - Calculating Metrics: 100%|##########| 8/8 [00:00<00:00, 985.33it/s] 
[2025-07-19T14:58:31.614+0000] {warnings.py:109} WARNING - /home/***/.local/lib/python3.8/site-packages/great_expectations/expectations/expectation.py:1518: UserWarning: `result_format` configured at the Validator-level will not be persisted. Please add the configuration to your Checkpoint config or checkpoint_run() method instead.
  warnings.warn(

[2025-07-19T14:58:31.620+0000] {logging_mixin.py:188} WARNING - Calculating Metrics:   0%|          | 0/8 [00:00<?, ?it/s]
[2025-07-19T14:58:31.620+0000] {logging_mixin.py:188} WARNING - Calculating Metrics:   0%|          | 0/8 [00:00<?, ?it/s]
[2025-07-19T14:58:31.621+0000] {logging_mixin.py:188} WARNING - Calculating Metrics:  25%|##5       | 2/8 [00:00<00:00, 2837.82it/s]
[2025-07-19T14:58:31.623+0000] {logging_mixin.py:188} WARNING - Calculating Metrics:  25%|##5       | 2/8 [00:00<00:00, 691.90it/s] 
[2025-07-19T14:58:31.623+0000] {logging_mixin.py:188} WARNING - Calculating Metrics:  38%|###7      | 3/8 [00:00<00:00, 936.02it/s]
[2025-07-19T14:58:31.624+0000] {logging_mixin.py:188} WARNING - Calculating Metrics:  38%|###7      | 3/8 [00:00<00:00, 664.92it/s]
[2025-07-19T14:58:31.625+0000] {logging_mixin.py:188} WARNING - Calculating Metrics:  62%|######2   | 5/8 [00:00<00:00, 909.95it/s]
[2025-07-19T14:58:31.626+0000] {logging_mixin.py:188} WARNING - Calculating Metrics:  62%|######2   | 5/8 [00:00<00:00, 767.18it/s]
[2025-07-19T14:58:31.627+0000] {logging_mixin.py:188} WARNING - Calculating Metrics: 100%|##########| 8/8 [00:00<00:00, 1069.16it/s]
[2025-07-19T14:58:31.628+0000] {logging_mixin.py:188} WARNING - Calculating Metrics: 100%|##########| 8/8 [00:00<00:00, 1002.04it/s]
[2025-07-19T14:58:31.628+0000] {logging_mixin.py:188} WARNING - Calculating Metrics: 100%|##########| 8/8 [00:00<00:00, 987.56it/s] 
[2025-07-19T14:58:31.628+0000] {logging_mixin.py:188} WARNING - Calculating Metrics: 100%|##########| 8/8 [00:00<00:00, 963.82it/s]
[2025-07-19T14:58:31.630+0000] {warnings.py:109} WARNING - /home/***/.local/lib/python3.8/site-packages/great_expectations/expectations/expectation.py:1518: UserWarning: `result_format` configured at the Validator-level will not be persisted. Please add the configuration to your Checkpoint config or checkpoint_run() method instead.
  warnings.warn(

[2025-07-19T14:58:31.633+0000] {logging_mixin.py:188} WARNING - Calculating Metrics:   0%|          | 0/6 [00:00<?, ?it/s]
[2025-07-19T14:58:31.633+0000] {logging_mixin.py:188} WARNING - Calculating Metrics:   0%|          | 0/6 [00:00<?, ?it/s]
[2025-07-19T14:58:31.633+0000] {logging_mixin.py:188} WARNING - Calculating Metrics:  33%|###3      | 2/6 [00:00<00:00, 7577.79it/s]
[2025-07-19T14:58:31.634+0000] {logging_mixin.py:188} WARNING - Calculating Metrics:  33%|###3      | 2/6 [00:00<00:00, 1978.91it/s]
[2025-07-19T14:58:31.634+0000] {logging_mixin.py:188} WARNING - Calculating Metrics:  50%|#####     | 3/6 [00:00<00:00, 2524.15it/s]
[2025-07-19T14:58:31.635+0000] {logging_mixin.py:188} WARNING - Calculating Metrics:  50%|#####     | 3/6 [00:00<00:00, 1602.71it/s]
[2025-07-19T14:58:31.635+0000] {logging_mixin.py:188} WARNING - Calculating Metrics:  67%|######6   | 4/6 [00:00<00:00, 1806.53it/s]
[2025-07-19T14:58:31.636+0000] {logging_mixin.py:188} WARNING - Calculating Metrics:  67%|######6   | 4/6 [00:00<00:00, 1446.81it/s]
[2025-07-19T14:58:31.636+0000] {logging_mixin.py:188} WARNING - Calculating Metrics: 100%|##########| 6/6 [00:00<00:00, 1818.47it/s]
[2025-07-19T14:58:31.637+0000] {logging_mixin.py:188} WARNING - Calculating Metrics: 100%|##########| 6/6 [00:00<00:00, 1665.51it/s]
[2025-07-19T14:58:31.637+0000] {logging_mixin.py:188} WARNING - Calculating Metrics: 100%|##########| 6/6 [00:00<00:00, 1618.59it/s]
[2025-07-19T14:58:31.637+0000] {logging_mixin.py:188} WARNING - Calculating Metrics: 100%|##########| 6/6 [00:00<00:00, 1574.54it/s]
[2025-07-19T14:58:31.638+0000] {warnings.py:109} WARNING - /home/***/.local/lib/python3.8/site-packages/great_expectations/expectations/expectation.py:1518: UserWarning: `result_format` configured at the Validator-level will not be persisted. Please add the configuration to your Checkpoint config or checkpoint_run() method instead.
  warnings.warn(

[2025-07-19T14:58:31.641+0000] {logging_mixin.py:188} WARNING - Calculating Metrics:   0%|          | 0/6 [00:00<?, ?it/s]
[2025-07-19T14:58:31.641+0000] {logging_mixin.py:188} WARNING - Calculating Metrics:   0%|          | 0/6 [00:00<?, ?it/s]
[2025-07-19T14:58:31.642+0000] {logging_mixin.py:188} WARNING - Calculating Metrics:  33%|###3      | 2/6 [00:00<00:00, 5363.56it/s]
[2025-07-19T14:58:31.643+0000] {logging_mixin.py:188} WARNING - Calculating Metrics:  33%|###3      | 2/6 [00:00<00:00, 1687.17it/s]
[2025-07-19T14:58:31.643+0000] {logging_mixin.py:188} WARNING - Calculating Metrics:  50%|#####     | 3/6 [00:00<00:00, 2161.27it/s]
[2025-07-19T14:58:31.643+0000] {logging_mixin.py:188} WARNING - Calculating Metrics:  50%|#####     | 3/6 [00:00<00:00, 1426.63it/s]
[2025-07-19T14:58:31.644+0000] {logging_mixin.py:188} WARNING - Calculating Metrics:  67%|######6   | 4/6 [00:00<00:00, 1617.39it/s]
[2025-07-19T14:58:31.644+0000] {logging_mixin.py:188} WARNING - Calculating Metrics:  67%|######6   | 4/6 [00:00<00:00, 1318.24it/s]
[2025-07-19T14:58:31.645+0000] {logging_mixin.py:188} WARNING - Calculating Metrics: 100%|##########| 6/6 [00:00<00:00, 1668.16it/s]
[2025-07-19T14:58:31.645+0000] {logging_mixin.py:188} WARNING - Calculating Metrics: 100%|##########| 6/6 [00:00<00:00, 1527.70it/s]
[2025-07-19T14:58:31.645+0000] {logging_mixin.py:188} WARNING - Calculating Metrics: 100%|##########| 6/6 [00:00<00:00, 1485.67it/s]
[2025-07-19T14:58:31.645+0000] {logging_mixin.py:188} WARNING - Calculating Metrics: 100%|##########| 6/6 [00:00<00:00, 1447.39it/s]
[2025-07-19T14:58:31.646+0000] {validator.py:1461} INFO - 	13 expectation(s) included in expectation_suite.
[2025-07-19T14:58:31.650+0000] {taskinstance.py:2698} ERROR - Task failed with exception
Traceback (most recent call last):
  File "/home/airflow/.local/lib/python3.8/site-packages/great_expectations/core/evaluation_parameters.py", line 366, in parse_evaluation_parameter
    res = ge_urn.parseString(parse_results[0])
  File "/home/airflow/.local/lib/python3.8/site-packages/pyparsing/util.py", line 256, in _inner
    return fn(self, *args, **kwargs)
  File "/home/airflow/.local/lib/python3.8/site-packages/pyparsing/core.py", line 1197, in parse_string
    raise exc.with_traceback(None)
pyparsing.exceptions.ParseException: Expected {Combine:({Suppress:('urn:great_expectations:') 'metrics' Suppress:(':') W:($-&,.0-9=?A-Z...) Suppress:(':') W:($-&,.0-9=?A-Z...) Suppress:(':') W:($-&,.0-9=?A-Z...) [Suppress:(':') W:($-&,.0-9=?A-Z...)] Suppress:(LineEnd)}) | Combine:({Suppress:('urn:great_expectations:') 'validations' Suppress:(':') W:($-&,.0-9=?A-Z...) Suppress:(':') W:($-&,.0-9=?A-Z...) [Suppress:(':') W:($-&,.0-9=?A-Z...)] Suppress:(LineEnd)}) | Combine:({Suppress:('urn:great_expectations:') 'stores' Suppress:(':') W:($-&,.0-9=?A-Z...) Suppress:(':') W:($-&,.0-9=?A-Z...) [Suppress:(':') W:($-&,.0-9=?A-Z...)] Suppress:(LineEnd)})}, found 'columns'  (at char 0), (line:1, col:1)

The above exception was the direct cause of the following exception:

Traceback (most recent call last):
  File "/home/airflow/.local/lib/python3.8/site-packages/airflow/models/taskinstance.py", line 433, in _execute_task
    result = execute_callable(context=context, **execute_callable_kwargs)
  File "/home/airflow/.local/lib/python3.8/site-packages/airflow/decorators/base.py", line 241, in execute
    return_value = super().execute(context)
  File "/home/airflow/.local/lib/python3.8/site-packages/airflow/operators/python.py", line 199, in execute
    return_value = self.execute_callable()
  File "/home/airflow/.local/lib/python3.8/site-packages/airflow/operators/python.py", line 216, in execute_callable
    return self.python_callable(*self.op_args, **self.op_kwargs)
  File "/opt/airflow/dags/build_ml_features_dag.py", line 116, in validate_features
    result = validator.validate()
  File "/home/airflow/.local/lib/python3.8/site-packages/great_expectations/validator/validator.py", line 1651, in validate
    expectation.process_evaluation_parameters(
  File "/home/airflow/.local/lib/python3.8/site-packages/great_expectations/core/expectation_configuration.py", line 1045, in process_evaluation_parameters
    evaluation_args, _ = build_evaluation_parameters(
  File "/home/airflow/.local/lib/python3.8/site-packages/great_expectations/core/evaluation_parameters.py", line 258, in build_evaluation_parameters
    parameter_value = parse_evaluation_parameter(
  File "/home/airflow/.local/lib/python3.8/site-packages/great_expectations/core/evaluation_parameters.py", line 383, in parse_evaluation_parameter
    raise EvaluationParameterError(
great_expectations.exceptions.exceptions.EvaluationParameterError: No value found for $PARAMETER columns_matching_regex
[2025-07-19T14:58:31.655+0000] {taskinstance.py:1138} INFO - Marking task as UP_FOR_RETRY. dag_id=build_ml_features, task_id=validate_features, execution_date=20250719T145825, start_date=20250719T145831, end_date=20250719T145831
[2025-07-19T14:58:31.660+0000] {standard_task_runner.py:107} ERROR - Failed to execute job 145 for task validate_features (No value found for $PARAMETER columns_matching_regex; 632)
[2025-07-19T14:58:31.673+0000] {local_task_job_runner.py:234} INFO - Task exited with return code 1
[2025-07-19T14:58:31.679+0000] {taskinstance.py:3280} INFO - 0 downstream tasks scheduled from follow-on schedule check
