[2025-07-19T15:03:33.425+0000] {taskinstance.py:1956} INFO - Dependencies all met for dep_context=non-requeueable deps ti=<TaskInstance: build_ml_features.validate_features manual__2025-07-19T14:58:25.476881+00:00 [queued]>
[2025-07-19T15:03:33.428+0000] {taskinstance.py:1956} INFO - Dependencies all met for dep_context=requeueable deps ti=<TaskInstance: build_ml_features.validate_features manual__2025-07-19T14:58:25.476881+00:00 [queued]>
[2025-07-19T15:03:33.428+0000] {taskinstance.py:2170} INFO - Starting attempt 2 of 2
[2025-07-19T15:03:33.433+0000] {taskinstance.py:2191} INFO - Executing <Task(_PythonDecoratedOperator): validate_features> on 2025-07-19 14:58:25.476881+00:00
[2025-07-19T15:03:33.438+0000] {standard_task_runner.py:60} INFO - Started process 742 to run task
[2025-07-19T15:03:33.440+0000] {standard_task_runner.py:87} INFO - Running: ['***', 'tasks', 'run', 'build_ml_features', 'validate_features', 'manual__2025-07-19T14:58:25.476881+00:00', '--job-id', '147', '--raw', '--subdir', 'DAGS_FOLDER/build_ml_features_dag.py', '--cfg-path', '/tmp/tmpn65pbutn']
[2025-07-19T15:03:33.441+0000] {standard_task_runner.py:88} INFO - Job 147: Subtask validate_features
[2025-07-19T15:03:33.463+0000] {task_command.py:423} INFO - Running <TaskInstance: build_ml_features.validate_features manual__2025-07-19T14:58:25.476881+00:00 [running]> on host 78a06dccabbd
[2025-07-19T15:03:33.500+0000] {taskinstance.py:2480} INFO - Exporting env vars: AIRFLOW_CTX_DAG_OWNER='data-platform' AIRFLOW_CTX_DAG_ID='build_ml_features' AIRFLOW_CTX_TASK_ID='validate_features' AIRFLOW_CTX_EXECUTION_DATE='2025-07-19T14:58:25.476881+00:00' AIRFLOW_CTX_TRY_NUMBER='2' AIRFLOW_CTX_DAG_RUN_ID='manual__2025-07-19T14:58:25.476881+00:00'
[2025-07-19T15:03:33.520+0000] {file_data_context.py:222} INFO - FileDataContext loading fluent config
[2025-07-19T15:03:33.521+0000] {config.py:187} INFO - Loading 'datasources' ->
[{'assets': [...], 'name': 'local_pandas', 'type': 'pandas'}]
[2025-07-19T15:03:33.522+0000] {fluent_base_model.py:276} INFO - _PandasDataAsset.dict() - missing `config_provider`, skipping config substitution
[2025-07-19T15:03:33.522+0000] {fluent_base_model.py:276} INFO - _PandasDataAsset.dict() - missing `config_provider`, skipping config substitution
[2025-07-19T15:03:33.536+0000] {abstract_data_context.py:5515} INFO - Loaded 'local_pandas' from fluent config
[2025-07-19T15:03:33.536+0000] {file_data_context.py:174} INFO - Saving 1 Fluent Datasources to /opt/***/gx/great_expectations.yml
[2025-07-19T15:03:33.537+0000] {fluent_base_model.py:276} INFO - DataFrameAsset.dict() - missing `config_provider`, skipping config substitution
[2025-07-19T15:03:33.537+0000] {fluent_base_model.py:276} INFO - DataFrameAsset.dict() - missing `config_provider`, skipping config substitution
[2025-07-19T15:03:33.537+0000] {fluent_base_model.py:276} INFO - PandasDatasource.dict() - missing `config_provider`, skipping config substitution
[2025-07-19T15:03:33.574+0000] {warnings.py:109} WARNING - /home/***/.local/lib/python3.8/site-packages/great_expectations/expectations/expectation.py:1518: UserWarning: `result_format` configured at the Validator-level will not be persisted. Please add the configuration to your Checkpoint config or checkpoint_run() method instead.
  warnings.warn(

[2025-07-19T15:03:33.582+0000] {logging_mixin.py:188} WARNING - Calculating Metrics:   0%|          | 0/6 [00:00<?, ?it/s]
[2025-07-19T15:03:33.583+0000] {logging_mixin.py:188} WARNING - Calculating Metrics:   0%|          | 0/6 [00:00<?, ?it/s]
[2025-07-19T15:03:33.583+0000] {logging_mixin.py:188} WARNING - Calculating Metrics:  33%|###3      | 2/6 [00:00<00:00, 3983.19it/s]
[2025-07-19T15:03:33.584+0000] {logging_mixin.py:188} WARNING - Calculating Metrics:  33%|###3      | 2/6 [00:00<00:00, 1442.33it/s]
[2025-07-19T15:03:33.584+0000] {logging_mixin.py:188} WARNING - Calculating Metrics:  50%|#####     | 3/6 [00:00<00:00, 1873.57it/s]
[2025-07-19T15:03:33.585+0000] {logging_mixin.py:188} WARNING - Calculating Metrics:  50%|#####     | 3/6 [00:00<00:00, 1251.53it/s]
[2025-07-19T15:03:33.586+0000] {logging_mixin.py:188} WARNING - Calculating Metrics:  67%|######6   | 4/6 [00:00<00:00, 1372.14it/s]
[2025-07-19T15:03:33.586+0000] {logging_mixin.py:188} WARNING - Calculating Metrics:  67%|######6   | 4/6 [00:00<00:00, 1114.47it/s]
[2025-07-19T15:03:33.587+0000] {logging_mixin.py:188} WARNING - Calculating Metrics: 100%|##########| 6/6 [00:00<00:00, 1341.96it/s]
[2025-07-19T15:03:33.588+0000] {logging_mixin.py:188} WARNING - Calculating Metrics: 100%|##########| 6/6 [00:00<00:00, 1134.06it/s]
[2025-07-19T15:03:33.588+0000] {logging_mixin.py:188} WARNING - Calculating Metrics: 100%|##########| 6/6 [00:00<00:00, 1071.25it/s]
[2025-07-19T15:03:33.589+0000] {logging_mixin.py:188} WARNING - Calculating Metrics: 100%|##########| 6/6 [00:00<00:00, 998.72it/s] 
[2025-07-19T15:03:33.590+0000] {warnings.py:109} WARNING - /home/***/.local/lib/python3.8/site-packages/great_expectations/expectations/expectation.py:1518: UserWarning: `result_format` configured at the Validator-level will not be persisted. Please add the configuration to your Checkpoint config or checkpoint_run() method instead.
  warnings.warn(

[2025-07-19T15:03:33.593+0000] {logging_mixin.py:188} WARNING - Calculating Metrics:   0%|          | 0/6 [00:00<?, ?it/s]
[2025-07-19T15:03:33.593+0000] {logging_mixin.py:188} WARNING - Calculating Metrics:   0%|          | 0/6 [00:00<?, ?it/s]
[2025-07-19T15:03:33.594+0000] {logging_mixin.py:188} WARNING - Calculating Metrics:  33%|###3      | 2/6 [00:00<00:00, 6887.20it/s]
[2025-07-19T15:03:33.594+0000] {logging_mixin.py:188} WARNING - Calculating Metrics:  33%|###3      | 2/6 [00:00<00:00, 1953.11it/s]
[2025-07-19T15:03:33.594+0000] {logging_mixin.py:188} WARNING - Calculating Metrics:  50%|#####     | 3/6 [00:00<00:00, 2494.63it/s]
[2025-07-19T15:03:33.595+0000] {logging_mixin.py:188} WARNING - Calculating Metrics:  50%|#####     | 3/6 [00:00<00:00, 1599.25it/s]
[2025-07-19T15:03:33.595+0000] {logging_mixin.py:188} WARNING - Calculating Metrics:  67%|######6   | 4/6 [00:00<00:00, 1817.49it/s]
[2025-07-19T15:03:33.596+0000] {logging_mixin.py:188} WARNING - Calculating Metrics:  67%|######6   | 4/6 [00:00<00:00, 1469.75it/s]
[2025-07-19T15:03:33.597+0000] {logging_mixin.py:188} WARNING - Calculating Metrics: 100%|##########| 6/6 [00:00<00:00, 1829.58it/s]
[2025-07-19T15:03:33.597+0000] {logging_mixin.py:188} WARNING - Calculating Metrics: 100%|##########| 6/6 [00:00<00:00, 1684.46it/s]
[2025-07-19T15:03:33.597+0000] {logging_mixin.py:188} WARNING - Calculating Metrics: 100%|##########| 6/6 [00:00<00:00, 1642.25it/s]
[2025-07-19T15:03:33.597+0000] {logging_mixin.py:188} WARNING - Calculating Metrics: 100%|##########| 6/6 [00:00<00:00, 1599.15it/s]
[2025-07-19T15:03:33.598+0000] {warnings.py:109} WARNING - /home/***/.local/lib/python3.8/site-packages/great_expectations/expectations/expectation.py:1518: UserWarning: `result_format` configured at the Validator-level will not be persisted. Please add the configuration to your Checkpoint config or checkpoint_run() method instead.
  warnings.warn(

[2025-07-19T15:03:33.601+0000] {logging_mixin.py:188} WARNING - Calculating Metrics:   0%|          | 0/6 [00:00<?, ?it/s]
[2025-07-19T15:03:33.601+0000] {logging_mixin.py:188} WARNING - Calculating Metrics:   0%|          | 0/6 [00:00<?, ?it/s]
[2025-07-19T15:03:33.601+0000] {logging_mixin.py:188} WARNING - Calculating Metrics:  33%|###3      | 2/6 [00:00<00:00, 8422.30it/s]
[2025-07-19T15:03:33.602+0000] {logging_mixin.py:188} WARNING - Calculating Metrics:  33%|###3      | 2/6 [00:00<00:00, 2041.52it/s]
[2025-07-19T15:03:33.602+0000] {logging_mixin.py:188} WARNING - Calculating Metrics:  50%|#####     | 3/6 [00:00<00:00, 2638.48it/s]
[2025-07-19T15:03:33.603+0000] {logging_mixin.py:188} WARNING - Calculating Metrics:  50%|#####     | 3/6 [00:00<00:00, 1707.32it/s]
[2025-07-19T15:03:33.603+0000] {logging_mixin.py:188} WARNING - Calculating Metrics:  67%|######6   | 4/6 [00:00<00:00, 1929.97it/s]
[2025-07-19T15:03:33.604+0000] {logging_mixin.py:188} WARNING - Calculating Metrics:  67%|######6   | 4/6 [00:00<00:00, 1550.00it/s]
[2025-07-19T15:03:33.604+0000] {logging_mixin.py:188} WARNING - Calculating Metrics: 100%|##########| 6/6 [00:00<00:00, 1930.19it/s]
[2025-07-19T15:03:33.604+0000] {logging_mixin.py:188} WARNING - Calculating Metrics: 100%|##########| 6/6 [00:00<00:00, 1767.39it/s]
[2025-07-19T15:03:33.605+0000] {logging_mixin.py:188} WARNING - Calculating Metrics: 100%|##########| 6/6 [00:00<00:00, 1720.27it/s]
[2025-07-19T15:03:33.605+0000] {logging_mixin.py:188} WARNING - Calculating Metrics: 100%|##########| 6/6 [00:00<00:00, 1671.15it/s]
[2025-07-19T15:03:33.605+0000] {warnings.py:109} WARNING - /home/***/.local/lib/python3.8/site-packages/great_expectations/expectations/expectation.py:1518: UserWarning: `result_format` configured at the Validator-level will not be persisted. Please add the configuration to your Checkpoint config or checkpoint_run() method instead.
  warnings.warn(

[2025-07-19T15:03:33.608+0000] {logging_mixin.py:188} WARNING - Calculating Metrics:   0%|          | 0/6 [00:00<?, ?it/s]
[2025-07-19T15:03:33.609+0000] {logging_mixin.py:188} WARNING - Calculating Metrics:   0%|          | 0/6 [00:00<?, ?it/s]
[2025-07-19T15:03:33.609+0000] {logging_mixin.py:188} WARNING - Calculating Metrics:  33%|###3      | 2/6 [00:00<00:00, 8991.01it/s]
[2025-07-19T15:03:33.609+0000] {logging_mixin.py:188} WARNING - Calculating Metrics:  33%|###3      | 2/6 [00:00<00:00, 2117.27it/s]
[2025-07-19T15:03:33.610+0000] {logging_mixin.py:188} WARNING - Calculating Metrics:  50%|#####     | 3/6 [00:00<00:00, 2714.76it/s]
[2025-07-19T15:03:33.610+0000] {logging_mixin.py:188} WARNING - Calculating Metrics:  50%|#####     | 3/6 [00:00<00:00, 1723.92it/s]
[2025-07-19T15:03:33.611+0000] {logging_mixin.py:188} WARNING - Calculating Metrics:  67%|######6   | 4/6 [00:00<00:00, 1985.00it/s]
[2025-07-19T15:03:33.611+0000] {logging_mixin.py:188} WARNING - Calculating Metrics:  67%|######6   | 4/6 [00:00<00:00, 1576.66it/s]
[2025-07-19T15:03:33.612+0000] {logging_mixin.py:188} WARNING - Calculating Metrics: 100%|##########| 6/6 [00:00<00:00, 1993.49it/s]
[2025-07-19T15:03:33.612+0000] {logging_mixin.py:188} WARNING - Calculating Metrics: 100%|##########| 6/6 [00:00<00:00, 1822.29it/s]
[2025-07-19T15:03:33.612+0000] {logging_mixin.py:188} WARNING - Calculating Metrics: 100%|##########| 6/6 [00:00<00:00, 1772.49it/s]
[2025-07-19T15:03:33.612+0000] {logging_mixin.py:188} WARNING - Calculating Metrics: 100%|##########| 6/6 [00:00<00:00, 1719.92it/s]
[2025-07-19T15:03:33.613+0000] {warnings.py:109} WARNING - /home/***/.local/lib/python3.8/site-packages/great_expectations/expectations/expectation.py:1518: UserWarning: `result_format` configured at the Validator-level will not be persisted. Please add the configuration to your Checkpoint config or checkpoint_run() method instead.
  warnings.warn(

[2025-07-19T15:03:33.616+0000] {logging_mixin.py:188} WARNING - Calculating Metrics:   0%|          | 0/6 [00:00<?, ?it/s]
[2025-07-19T15:03:33.616+0000] {logging_mixin.py:188} WARNING - Calculating Metrics:   0%|          | 0/6 [00:00<?, ?it/s]
[2025-07-19T15:03:33.616+0000] {logging_mixin.py:188} WARNING - Calculating Metrics:  33%|###3      | 2/6 [00:00<00:00, 8499.10it/s]
[2025-07-19T15:03:33.617+0000] {logging_mixin.py:188} WARNING - Calculating Metrics:  33%|###3      | 2/6 [00:00<00:00, 2067.69it/s]
[2025-07-19T15:03:33.617+0000] {logging_mixin.py:188} WARNING - Calculating Metrics:  50%|#####     | 3/6 [00:00<00:00, 2668.13it/s]
[2025-07-19T15:03:33.618+0000] {logging_mixin.py:188} WARNING - Calculating Metrics:  50%|#####     | 3/6 [00:00<00:00, 1699.25it/s]
[2025-07-19T15:03:33.618+0000] {logging_mixin.py:188} WARNING - Calculating Metrics:  67%|######6   | 4/6 [00:00<00:00, 1948.80it/s]
[2025-07-19T15:03:33.618+0000] {logging_mixin.py:188} WARNING - Calculating Metrics:  67%|######6   | 4/6 [00:00<00:00, 1533.15it/s]
[2025-07-19T15:03:33.619+0000] {logging_mixin.py:188} WARNING - Calculating Metrics: 100%|##########| 6/6 [00:00<00:00, 1940.91it/s]
[2025-07-19T15:03:33.619+0000] {logging_mixin.py:188} WARNING - Calculating Metrics: 100%|##########| 6/6 [00:00<00:00, 1775.24it/s]
[2025-07-19T15:03:33.619+0000] {logging_mixin.py:188} WARNING - Calculating Metrics: 100%|##########| 6/6 [00:00<00:00, 1715.70it/s]
[2025-07-19T15:03:33.619+0000] {logging_mixin.py:188} WARNING - Calculating Metrics: 100%|##########| 6/6 [00:00<00:00, 1671.04it/s]
[2025-07-19T15:03:33.620+0000] {warnings.py:109} WARNING - /home/***/.local/lib/python3.8/site-packages/great_expectations/expectations/expectation.py:1518: UserWarning: `result_format` configured at the Validator-level will not be persisted. Please add the configuration to your Checkpoint config or checkpoint_run() method instead.
  warnings.warn(

[2025-07-19T15:03:33.626+0000] {logging_mixin.py:188} WARNING - Calculating Metrics:   0%|          | 0/8 [00:00<?, ?it/s]
[2025-07-19T15:03:33.626+0000] {logging_mixin.py:188} WARNING - Calculating Metrics:   0%|          | 0/8 [00:00<?, ?it/s]
[2025-07-19T15:03:33.626+0000] {logging_mixin.py:188} WARNING - Calculating Metrics:  25%|##5       | 2/8 [00:00<00:00, 7516.67it/s]
[2025-07-19T15:03:33.627+0000] {logging_mixin.py:188} WARNING - Calculating Metrics:  25%|##5       | 2/8 [00:00<00:00, 1221.58it/s]
[2025-07-19T15:03:33.628+0000] {logging_mixin.py:188} WARNING - Calculating Metrics:  38%|###7      | 3/8 [00:00<00:00, 1667.94it/s]
[2025-07-19T15:03:33.629+0000] {logging_mixin.py:188} WARNING - Calculating Metrics:  38%|###7      | 3/8 [00:00<00:00, 969.18it/s] 
[2025-07-19T15:03:33.630+0000] {logging_mixin.py:188} WARNING - Calculating Metrics:  62%|######2   | 5/8 [00:00<00:00, 1259.40it/s]
[2025-07-19T15:03:33.631+0000] {logging_mixin.py:188} WARNING - Calculating Metrics:  62%|######2   | 5/8 [00:00<00:00, 1008.54it/s]
[2025-07-19T15:03:33.632+0000] {logging_mixin.py:188} WARNING - Calculating Metrics: 100%|##########| 8/8 [00:00<00:00, 1374.00it/s]
[2025-07-19T15:03:33.632+0000] {logging_mixin.py:188} WARNING - Calculating Metrics: 100%|##########| 8/8 [00:00<00:00, 1263.34it/s]
[2025-07-19T15:03:33.632+0000] {logging_mixin.py:188} WARNING - Calculating Metrics: 100%|##########| 8/8 [00:00<00:00, 1245.62it/s]
[2025-07-19T15:03:33.632+0000] {logging_mixin.py:188} WARNING - Calculating Metrics: 100%|##########| 8/8 [00:00<00:00, 1226.85it/s]
[2025-07-19T15:03:33.634+0000] {warnings.py:109} WARNING - /home/***/.local/lib/python3.8/site-packages/great_expectations/expectations/expectation.py:1518: UserWarning: `result_format` configured at the Validator-level will not be persisted. Please add the configuration to your Checkpoint config or checkpoint_run() method instead.
  warnings.warn(

[2025-07-19T15:03:33.639+0000] {logging_mixin.py:188} WARNING - Calculating Metrics:   0%|          | 0/8 [00:00<?, ?it/s]
[2025-07-19T15:03:33.639+0000] {logging_mixin.py:188} WARNING - Calculating Metrics:   0%|          | 0/8 [00:00<?, ?it/s]
[2025-07-19T15:03:33.639+0000] {logging_mixin.py:188} WARNING - Calculating Metrics:  25%|##5       | 2/8 [00:00<00:00, 8886.24it/s]
[2025-07-19T15:03:33.640+0000] {logging_mixin.py:188} WARNING - Calculating Metrics:  25%|##5       | 2/8 [00:00<00:00, 1320.62it/s]
[2025-07-19T15:03:33.640+0000] {logging_mixin.py:188} WARNING - Calculating Metrics:  38%|###7      | 3/8 [00:00<00:00, 1783.04it/s]
[2025-07-19T15:03:33.642+0000] {logging_mixin.py:188} WARNING - Calculating Metrics:  38%|###7      | 3/8 [00:00<00:00, 1036.57it/s]
[2025-07-19T15:03:33.642+0000] {logging_mixin.py:188} WARNING - Calculating Metrics:  62%|######2   | 5/8 [00:00<00:00, 1380.52it/s]
[2025-07-19T15:03:33.643+0000] {logging_mixin.py:188} WARNING - Calculating Metrics:  62%|######2   | 5/8 [00:00<00:00, 1095.69it/s]
[2025-07-19T15:03:33.644+0000] {logging_mixin.py:188} WARNING - Calculating Metrics: 100%|##########| 8/8 [00:00<00:00, 1479.28it/s]
[2025-07-19T15:03:33.645+0000] {logging_mixin.py:188} WARNING - Calculating Metrics: 100%|##########| 8/8 [00:00<00:00, 1363.95it/s]
[2025-07-19T15:03:33.645+0000] {logging_mixin.py:188} WARNING - Calculating Metrics: 100%|##########| 8/8 [00:00<00:00, 1343.25it/s]
[2025-07-19T15:03:33.645+0000] {logging_mixin.py:188} WARNING - Calculating Metrics: 100%|##########| 8/8 [00:00<00:00, 1313.80it/s]
[2025-07-19T15:03:33.646+0000] {warnings.py:109} WARNING - /home/***/.local/lib/python3.8/site-packages/great_expectations/expectations/expectation.py:1518: UserWarning: `result_format` configured at the Validator-level will not be persisted. Please add the configuration to your Checkpoint config or checkpoint_run() method instead.
  warnings.warn(

[2025-07-19T15:03:33.649+0000] {logging_mixin.py:188} WARNING - Calculating Metrics:   0%|          | 0/6 [00:00<?, ?it/s]
[2025-07-19T15:03:33.649+0000] {logging_mixin.py:188} WARNING - Calculating Metrics:   0%|          | 0/6 [00:00<?, ?it/s]
[2025-07-19T15:03:33.649+0000] {logging_mixin.py:188} WARNING - Calculating Metrics:  33%|###3      | 2/6 [00:00<00:00, 9167.88it/s]
[2025-07-19T15:03:33.650+0000] {logging_mixin.py:188} WARNING - Calculating Metrics:  33%|###3      | 2/6 [00:00<00:00, 2107.16it/s]
[2025-07-19T15:03:33.650+0000] {logging_mixin.py:188} WARNING - Calculating Metrics:  50%|#####     | 3/6 [00:00<00:00, 2713.00it/s]
[2025-07-19T15:03:33.651+0000] {logging_mixin.py:188} WARNING - Calculating Metrics:  50%|#####     | 3/6 [00:00<00:00, 1739.65it/s]
[2025-07-19T15:03:33.651+0000] {logging_mixin.py:188} WARNING - Calculating Metrics:  67%|######6   | 4/6 [00:00<00:00, 1942.03it/s]
[2025-07-19T15:03:33.652+0000] {logging_mixin.py:188} WARNING - Calculating Metrics:  67%|######6   | 4/6 [00:00<00:00, 1550.14it/s]
[2025-07-19T15:03:33.652+0000] {logging_mixin.py:188} WARNING - Calculating Metrics: 100%|##########| 6/6 [00:00<00:00, 1966.54it/s]
[2025-07-19T15:03:33.652+0000] {logging_mixin.py:188} WARNING - Calculating Metrics: 100%|##########| 6/6 [00:00<00:00, 1802.32it/s]
[2025-07-19T15:03:33.653+0000] {logging_mixin.py:188} WARNING - Calculating Metrics: 100%|##########| 6/6 [00:00<00:00, 1751.64it/s]
[2025-07-19T15:03:33.653+0000] {logging_mixin.py:188} WARNING - Calculating Metrics: 100%|##########| 6/6 [00:00<00:00, 1702.23it/s]
[2025-07-19T15:03:33.653+0000] {warnings.py:109} WARNING - /home/***/.local/lib/python3.8/site-packages/great_expectations/expectations/expectation.py:1518: UserWarning: `result_format` configured at the Validator-level will not be persisted. Please add the configuration to your Checkpoint config or checkpoint_run() method instead.
  warnings.warn(

[2025-07-19T15:03:33.656+0000] {logging_mixin.py:188} WARNING - Calculating Metrics:   0%|          | 0/6 [00:00<?, ?it/s]
[2025-07-19T15:03:33.656+0000] {logging_mixin.py:188} WARNING - Calculating Metrics:   0%|          | 0/6 [00:00<?, ?it/s]
[2025-07-19T15:03:33.657+0000] {logging_mixin.py:188} WARNING - Calculating Metrics:  33%|###3      | 2/6 [00:00<00:00, 9020.01it/s]
[2025-07-19T15:03:33.657+0000] {logging_mixin.py:188} WARNING - Calculating Metrics:  33%|###3      | 2/6 [00:00<00:00, 2180.56it/s]
[2025-07-19T15:03:33.657+0000] {logging_mixin.py:188} WARNING - Calculating Metrics:  50%|#####     | 3/6 [00:00<00:00, 2790.00it/s]
[2025-07-19T15:03:33.658+0000] {logging_mixin.py:188} WARNING - Calculating Metrics:  50%|#####     | 3/6 [00:00<00:00, 1726.52it/s]
[2025-07-19T15:03:33.658+0000] {logging_mixin.py:188} WARNING - Calculating Metrics:  67%|######6   | 4/6 [00:00<00:00, 1961.10it/s]
[2025-07-19T15:03:33.659+0000] {logging_mixin.py:188} WARNING - Calculating Metrics:  67%|######6   | 4/6 [00:00<00:00, 1562.27it/s]
[2025-07-19T15:03:33.659+0000] {logging_mixin.py:188} WARNING - Calculating Metrics: 100%|##########| 6/6 [00:00<00:00, 1969.31it/s]
[2025-07-19T15:03:33.660+0000] {logging_mixin.py:188} WARNING - Calculating Metrics: 100%|##########| 6/6 [00:00<00:00, 1796.79it/s]
[2025-07-19T15:03:33.660+0000] {logging_mixin.py:188} WARNING - Calculating Metrics: 100%|##########| 6/6 [00:00<00:00, 1741.34it/s]
[2025-07-19T15:03:33.660+0000] {logging_mixin.py:188} WARNING - Calculating Metrics: 100%|##########| 6/6 [00:00<00:00, 1689.55it/s]
[2025-07-19T15:03:33.661+0000] {validator.py:1461} INFO - 	13 expectation(s) included in expectation_suite.
[2025-07-19T15:03:33.664+0000] {taskinstance.py:2698} ERROR - Task failed with exception
Traceback (most recent call last):
  File "/home/airflow/.local/lib/python3.8/site-packages/great_expectations/core/evaluation_parameters.py", line 366, in parse_evaluation_parameter
    res = ge_urn.parseString(parse_results[0])
  File "/home/airflow/.local/lib/python3.8/site-packages/pyparsing/util.py", line 256, in _inner
    return fn(self, *args, **kwargs)
  File "/home/airflow/.local/lib/python3.8/site-packages/pyparsing/core.py", line 1197, in parse_string
    raise exc.with_traceback(None)
pyparsing.exceptions.ParseException: Expected {Combine:({Suppress:('urn:great_expectations:') 'metrics' Suppress:(':') W:($-&,.0-9=?A-Z...) Suppress:(':') W:($-&,.0-9=?A-Z...) Suppress:(':') W:($-&,.0-9=?A-Z...) [Suppress:(':') W:($-&,.0-9=?A-Z...)] Suppress:(LineEnd)}) | Combine:({Suppress:('urn:great_expectations:') 'validations' Suppress:(':') W:($-&,.0-9=?A-Z...) Suppress:(':') W:($-&,.0-9=?A-Z...) [Suppress:(':') W:($-&,.0-9=?A-Z...)] Suppress:(LineEnd)}) | Combine:({Suppress:('urn:great_expectations:') 'stores' Suppress:(':') W:($-&,.0-9=?A-Z...) Suppress:(':') W:($-&,.0-9=?A-Z...) [Suppress:(':') W:($-&,.0-9=?A-Z...)] Suppress:(LineEnd)})}, found 'columns'  (at char 0), (line:1, col:1)

The above exception was the direct cause of the following exception:

Traceback (most recent call last):
  File "/home/airflow/.local/lib/python3.8/site-packages/airflow/models/taskinstance.py", line 433, in _execute_task
    result = execute_callable(context=context, **execute_callable_kwargs)
  File "/home/airflow/.local/lib/python3.8/site-packages/airflow/decorators/base.py", line 241, in execute
    return_value = super().execute(context)
  File "/home/airflow/.local/lib/python3.8/site-packages/airflow/operators/python.py", line 199, in execute
    return_value = self.execute_callable()
  File "/home/airflow/.local/lib/python3.8/site-packages/airflow/operators/python.py", line 216, in execute_callable
    return self.python_callable(*self.op_args, **self.op_kwargs)
  File "/opt/airflow/dags/build_ml_features_dag.py", line 116, in validate_features
    result = validator.validate()
  File "/home/airflow/.local/lib/python3.8/site-packages/great_expectations/validator/validator.py", line 1651, in validate
    expectation.process_evaluation_parameters(
  File "/home/airflow/.local/lib/python3.8/site-packages/great_expectations/core/expectation_configuration.py", line 1045, in process_evaluation_parameters
    evaluation_args, _ = build_evaluation_parameters(
  File "/home/airflow/.local/lib/python3.8/site-packages/great_expectations/core/evaluation_parameters.py", line 258, in build_evaluation_parameters
    parameter_value = parse_evaluation_parameter(
  File "/home/airflow/.local/lib/python3.8/site-packages/great_expectations/core/evaluation_parameters.py", line 383, in parse_evaluation_parameter
    raise EvaluationParameterError(
great_expectations.exceptions.exceptions.EvaluationParameterError: No value found for $PARAMETER columns_matching_regex
[2025-07-19T15:03:33.669+0000] {taskinstance.py:1138} INFO - Marking task as FAILED. dag_id=build_ml_features, task_id=validate_features, execution_date=20250719T145825, start_date=20250719T150333, end_date=20250719T150333
[2025-07-19T15:03:33.673+0000] {standard_task_runner.py:107} ERROR - Failed to execute job 147 for task validate_features (No value found for $PARAMETER columns_matching_regex; 742)
[2025-07-19T15:03:33.706+0000] {local_task_job_runner.py:234} INFO - Task exited with return code 1
[2025-07-19T15:03:33.712+0000] {taskinstance.py:3280} INFO - 0 downstream tasks scheduled from follow-on schedule check
